{"/home/claude/git/liquidjs/core/src/jsx-dev-runtime.ts": {"path":"/home/claude/git/liquidjs/core/src/jsx-dev-runtime.ts","statementMap":{},"fnMap":{},"branchMap":{},"s":{},"f":{},"b":{},"meta":{"lastBranch":0,"lastFunction":0,"lastStatement":0,"seen":{}}}
,"/home/claude/git/liquidjs/core/src/jsx-runtime.ts": {"path":"/home/claude/git/liquidjs/core/src/jsx-runtime.ts","statementMap":{"0":{"start":{"line":18,"column":14},"end":{"line":18,"column":null}},"1":{"start":{"line":19,"column":34},"end":{"line":19,"column":null}},"2":{"start":{"line":20,"column":24},"end":{"line":20,"column":null}},"3":{"start":{"line":21,"column":2},"end":{"line":21,"column":null}}},"fnMap":{"0":{"name":"jsx","decl":{"start":{"line":13,"column":16},"end":{"line":13,"column":null}},"loc":{"start":{"line":17,"column":18},"end":{"line":22,"column":null}},"line":17}},"branchMap":{"0":{"loc":{"start":{"line":18,"column":14},"end":{"line":18,"column":null}},"type":"cond-expr","locations":[{"start":{"line":18,"column":39},"end":{"line":18,"column":50}},{"start":{"line":18,"column":50},"end":{"line":18,"column":null}}],"line":18},"1":{"loc":{"start":{"line":18,"column":50},"end":{"line":18,"column":null}},"type":"cond-expr","locations":[{"start":{"line":18,"column":77},"end":{"line":18,"column":90}},{"start":{"line":18,"column":90},"end":{"line":18,"column":null}}],"line":18},"2":{"loc":{"start":{"line":20,"column":24},"end":{"line":20,"column":null}},"type":"cond-expr","locations":[{"start":{"line":20,"column":39},"end":{"line":20,"column":59}},{"start":{"line":20,"column":59},"end":{"line":20,"column":null}}],"line":20}},"s":{"0":9,"1":9,"2":9,"3":9},"f":{"0":9},"b":{"0":[1,8],"1":[1,7],"2":[2,7]},"meta":{"lastBranch":3,"lastFunction":1,"lastStatement":4,"seen":{"f:13:16:13:Infinity":0,"s:18:14:18:Infinity":0,"b:18:39:18:50:18:50:18:Infinity":0,"b:18:77:18:90:18:90:18:Infinity":1,"s:19:34:19:Infinity":1,"s:20:24:20:Infinity":2,"b:20:39:20:59:20:59:20:Infinity":2,"s:21:2:21:Infinity":3}}}
,"/home/claude/git/liquidjs/core/src/client/graphql.ts": {"path":"/home/claude/git/liquidjs/core/src/client/graphql.ts","statementMap":{"0":{"start":{"line":63,"column":15},"end":{"line":63,"column":null}},"1":{"start":{"line":64,"column":2},"end":{"line":78,"column":null}},"2":{"start":{"line":64,"column":15},"end":{"line":64,"column":18}},"3":{"start":{"line":65,"column":4},"end":{"line":65,"column":null}},"4":{"start":{"line":66,"column":4},"end":{"line":77,"column":null}},"5":{"start":{"line":67,"column":18},"end":{"line":67,"column":null}},"6":{"start":{"line":69,"column":6},"end":{"line":75,"column":null}},"7":{"start":{"line":70,"column":8},"end":{"line":74,"column":null}},"8":{"start":{"line":71,"column":10},"end":{"line":73,"column":null}},"9":{"start":{"line":76,"column":6},"end":{"line":76,"column":null}},"10":{"start":{"line":79,"column":2},"end":{"line":79,"column":null}},"11":{"start":{"line":90,"column":84},"end":{"line":90,"column":null}},"12":{"start":{"line":92,"column":25},"end":{"line":92,"column":null}},"13":{"start":{"line":93,"column":24},"end":{"line":93,"column":null}},"14":{"start":{"line":96,"column":4},"end":{"line":96,"column":null}},"15":{"start":{"line":103,"column":47},"end":{"line":106,"column":null}},"16":{"start":{"line":108,"column":17},"end":{"line":108,"column":null}},"17":{"start":{"line":110,"column":4},"end":{"line":110,"column":null}},"18":{"start":{"line":111,"column":21},"end":{"line":116,"column":null}},"19":{"start":{"line":118,"column":4},"end":{"line":120,"column":null}},"20":{"start":{"line":119,"column":6},"end":{"line":119,"column":null}},"21":{"start":{"line":122,"column":18},"end":{"line":122,"column":null}},"22":{"start":{"line":124,"column":4},"end":{"line":128,"column":null}},"23":{"start":{"line":131,"column":32},"end":{"line":176,"column":null}},"24":{"start":{"line":136,"column":6},"end":{"line":149,"column":null}},"25":{"start":{"line":137,"column":20},"end":{"line":137,"column":null}},"26":{"start":{"line":138,"column":23},"end":{"line":138,"column":null}},"27":{"start":{"line":139,"column":8},"end":{"line":141,"column":null}},"28":{"start":{"line":140,"column":10},"end":{"line":140,"column":null}},"29":{"start":{"line":142,"column":23},"end":{"line":142,"column":null}},"30":{"start":{"line":143,"column":8},"end":{"line":146,"column":null}},"31":{"start":{"line":144,"column":25},"end":{"line":144,"column":null}},"32":{"start":{"line":145,"column":10},"end":{"line":145,"column":null}},"33":{"start":{"line":145,"column":36},"end":{"line":145,"column":null}},"34":{"start":{"line":147,"column":8},"end":{"line":147,"column":null}},"35":{"start":{"line":148,"column":8},"end":{"line":148,"column":null}},"36":{"start":{"line":150,"column":6},"end":{"line":150,"column":null}},"37":{"start":{"line":157,"column":6},"end":{"line":157,"column":null}},"38":{"start":{"line":161,"column":6},"end":{"line":161,"column":null}},"39":{"start":{"line":165,"column":6},"end":{"line":174,"column":null}},"40":{"start":{"line":166,"column":8},"end":{"line":173,"column":null}},"41":{"start":{"line":167,"column":25},"end":{"line":167,"column":null}},"42":{"start":{"line":168,"column":10},"end":{"line":170,"column":null}},"43":{"start":{"line":169,"column":12},"end":{"line":169,"column":null}},"44":{"start":{"line":178,"column":2},"end":{"line":178,"column":null}},"45":{"start":{"line":194,"column":20},"end":{"line":194,"column":null}},"46":{"start":{"line":195,"column":15},"end":{"line":195,"column":null}},"47":{"start":{"line":196,"column":18},"end":{"line":196,"column":null}},"48":{"start":{"line":198,"column":22},"end":{"line":198,"column":null}},"49":{"start":{"line":199,"column":28},"end":{"line":199,"column":null}},"50":{"start":{"line":200,"column":24},"end":{"line":200,"column":null}},"51":{"start":{"line":202,"column":8},"end":{"line":202,"column":null}},"52":{"start":{"line":204,"column":8},"end":{"line":224,"column":null}},"53":{"start":{"line":205,"column":4},"end":{"line":205,"column":null}},"54":{"start":{"line":205,"column":18},"end":{"line":205,"column":null}},"55":{"start":{"line":207,"column":15},"end":{"line":207,"column":null}},"56":{"start":{"line":208,"column":4},"end":{"line":208,"column":null}},"57":{"start":{"line":209,"column":4},"end":{"line":209,"column":null}},"58":{"start":{"line":211,"column":4},"end":{"line":223,"column":null}},"59":{"start":{"line":214,"column":8},"end":{"line":214,"column":null}},"60":{"start":{"line":214,"column":39},"end":{"line":214,"column":null}},"61":{"start":{"line":215,"column":8},"end":{"line":215,"column":null}},"62":{"start":{"line":216,"column":8},"end":{"line":216,"column":null}},"63":{"start":{"line":217,"column":8},"end":{"line":217,"column":null}},"64":{"start":{"line":220,"column":8},"end":{"line":220,"column":null}},"65":{"start":{"line":220,"column":39},"end":{"line":220,"column":null}},"66":{"start":{"line":221,"column":8},"end":{"line":221,"column":null}},"67":{"start":{"line":222,"column":8},"end":{"line":222,"column":null}},"68":{"start":{"line":226,"column":21},"end":{"line":226,"column":null}},"69":{"start":{"line":228,"column":2},"end":{"line":230,"column":null}},"70":{"start":{"line":229,"column":4},"end":{"line":229,"column":null}},"71":{"start":{"line":232,"column":2},"end":{"line":232,"column":null}},"72":{"start":{"line":250,"column":22},"end":{"line":250,"column":null}},"73":{"start":{"line":251,"column":28},"end":{"line":251,"column":null}},"74":{"start":{"line":252,"column":24},"end":{"line":252,"column":null}},"75":{"start":{"line":254,"column":19},"end":{"line":272,"column":null}},"76":{"start":{"line":255,"column":4},"end":{"line":255,"column":null}},"77":{"start":{"line":256,"column":4},"end":{"line":256,"column":null}},"78":{"start":{"line":258,"column":4},"end":{"line":271,"column":null}},"79":{"start":{"line":259,"column":21},"end":{"line":259,"column":null}},"80":{"start":{"line":260,"column":6},"end":{"line":260,"column":null}},"81":{"start":{"line":261,"column":6},"end":{"line":261,"column":null}},"82":{"start":{"line":262,"column":6},"end":{"line":262,"column":null}},"83":{"start":{"line":263,"column":6},"end":{"line":263,"column":null}},"84":{"start":{"line":265,"column":37},"end":{"line":267,"column":null}},"85":{"start":{"line":268,"column":6},"end":{"line":268,"column":null}},"86":{"start":{"line":269,"column":6},"end":{"line":269,"column":null}},"87":{"start":{"line":270,"column":6},"end":{"line":270,"column":null}},"88":{"start":{"line":274,"column":8},"end":{"line":279,"column":null}},"89":{"start":{"line":275,"column":29},"end":{"line":275,"column":null}},"90":{"start":{"line":281,"column":2},"end":{"line":281,"column":null}}},"fnMap":{"0":{"name":"gql","decl":{"start":{"line":62,"column":16},"end":{"line":62,"column":20}},"loc":{"start":{"line":62,"column":81},"end":{"line":80,"column":null}},"line":62},"1":{"name":"createGraphQLClient","decl":{"start":{"line":89,"column":16},"end":{"line":89,"column":36}},"loc":{"start":{"line":89,"column":80},"end":{"line":179,"column":null}},"line":89},"2":{"name":"buildCacheKey","decl":{"start":{"line":95,"column":11},"end":{"line":95,"column":25}},"loc":{"start":{"line":95,"column":85},"end":{"line":97,"column":null}},"line":95},"3":{"name":"execute","decl":{"start":{"line":99,"column":17},"end":{"line":99,"column":null}},"loc":{"start":{"line":102,"column":33},"end":{"line":129,"column":null}},"line":102},"4":{"name":"(anonymous_4)","decl":{"start":{"line":132,"column":10},"end":{"line":132,"column":null}},"loc":{"start":{"line":135,"column":35},"end":{"line":151,"column":null}},"line":135},"5":{"name":"(anonymous_5)","decl":{"start":{"line":153,"column":10},"end":{"line":153,"column":null}},"loc":{"start":{"line":156,"column":35},"end":{"line":158,"column":null}},"line":156},"6":{"name":"(anonymous_6)","decl":{"start":{"line":160,"column":4},"end":{"line":160,"column":23}},"loc":{"start":{"line":160,"column":23},"end":{"line":162,"column":null}},"line":160},"7":{"name":"(anonymous_7)","decl":{"start":{"line":164,"column":4},"end":{"line":164,"column":15}},"loc":{"start":{"line":164,"column":36},"end":{"line":175,"column":null}},"line":164},"8":{"name":"useQuery","decl":{"start":{"line":189,"column":16},"end":{"line":189,"column":null}},"loc":{"start":{"line":193,"column":21},"end":{"line":233,"column":null}},"line":193},"9":{"name":"(anonymous_9)","decl":{"start":{"line":204,"column":32},"end":{"line":204,"column":38}},"loc":{"start":{"line":204,"column":38},"end":{"line":224,"column":5}},"line":204},"10":{"name":"(anonymous_10)","decl":{"start":{"line":213,"column":12},"end":{"line":213,"column":13}},"loc":{"start":{"line":213,"column":24},"end":{"line":218,"column":7}},"line":213},"11":{"name":"(anonymous_11)","decl":{"start":{"line":219,"column":13},"end":{"line":219,"column":14}},"loc":{"start":{"line":219,"column":31},"end":{"line":223,"column":7}},"line":219},"12":{"name":"(anonymous_12)","decl":{"start":{"line":228,"column":12},"end":{"line":228,"column":18}},"loc":{"start":{"line":228,"column":18},"end":{"line":230,"column":5}},"line":228},"13":{"name":"useMutation","decl":{"start":{"line":243,"column":16},"end":{"line":243,"column":null}},"loc":{"start":{"line":249,"column":2},"end":{"line":282,"column":null}},"line":249},"14":{"name":"(anonymous_14)","decl":{"start":{"line":254,"column":19},"end":{"line":254,"column":26}},"loc":{"start":{"line":254,"column":95},"end":{"line":272,"column":null}},"line":254},"15":{"name":"(anonymous_15)","decl":{"start":{"line":275,"column":5},"end":{"line":275,"column":9}},"loc":{"start":{"line":275,"column":29},"end":{"line":275,"column":null}},"line":275}},"branchMap":{"0":{"loc":{"start":{"line":66,"column":4},"end":{"line":77,"column":null}},"type":"if","locations":[{"start":{"line":66,"column":4},"end":{"line":77,"column":null}},{"start":{},"end":{}}],"line":66},"1":{"loc":{"start":{"line":69,"column":6},"end":{"line":75,"column":null}},"type":"if","locations":[{"start":{"line":69,"column":6},"end":{"line":75,"column":null}},{"start":{},"end":{}}],"line":69},"2":{"loc":{"start":{"line":70,"column":8},"end":{"line":74,"column":null}},"type":"if","locations":[{"start":{"line":70,"column":8},"end":{"line":74,"column":null}},{"start":{},"end":{}}],"line":70},"3":{"loc":{"start":{"line":90,"column":59},"end":{"line":90,"column":80}},"type":"default-arg","locations":[{"start":{"line":90,"column":74},"end":{"line":90,"column":80}}],"line":90},"4":{"loc":{"start":{"line":118,"column":4},"end":{"line":120,"column":null}},"type":"if","locations":[{"start":{"line":118,"column":4},"end":{"line":120,"column":null}},{"start":{},"end":{}}],"line":118},"5":{"loc":{"start":{"line":125,"column":12},"end":{"line":125,"column":null}},"type":"binary-expr","locations":[{"start":{"line":125,"column":12},"end":{"line":125,"column":25}},{"start":{"line":125,"column":25},"end":{"line":125,"column":null}}],"line":125},"6":{"loc":{"start":{"line":126,"column":14},"end":{"line":126,"column":null}},"type":"binary-expr","locations":[{"start":{"line":126,"column":14},"end":{"line":126,"column":29}},{"start":{"line":126,"column":29},"end":{"line":126,"column":null}}],"line":126},"7":{"loc":{"start":{"line":127,"column":10},"end":{"line":127,"column":null}},"type":"cond-expr","locations":[{"start":{"line":127,"column":42},"end":{"line":127,"column":76}},{"start":{"line":127,"column":76},"end":{"line":127,"column":null}}],"line":127},"8":{"loc":{"start":{"line":136,"column":6},"end":{"line":149,"column":null}},"type":"if","locations":[{"start":{"line":136,"column":6},"end":{"line":149,"column":null}},{"start":{},"end":{}}],"line":136},"9":{"loc":{"start":{"line":139,"column":8},"end":{"line":141,"column":null}},"type":"if","locations":[{"start":{"line":139,"column":8},"end":{"line":141,"column":null}},{"start":{},"end":{}}],"line":139},"10":{"loc":{"start":{"line":143,"column":8},"end":{"line":146,"column":null}},"type":"if","locations":[{"start":{"line":143,"column":8},"end":{"line":146,"column":null}},{"start":{},"end":{}}],"line":143},"11":{"loc":{"start":{"line":145,"column":10},"end":{"line":145,"column":null}},"type":"if","locations":[{"start":{"line":145,"column":10},"end":{"line":145,"column":null}},{"start":{},"end":{}}],"line":145},"12":{"loc":{"start":{"line":168,"column":10},"end":{"line":170,"column":null}},"type":"if","locations":[{"start":{"line":168,"column":10},"end":{"line":170,"column":null}},{"start":{},"end":{}}],"line":168},"13":{"loc":{"start":{"line":196,"column":18},"end":{"line":196,"column":null}},"type":"binary-expr","locations":[{"start":{"line":196,"column":18},"end":{"line":196,"column":35}},{"start":{"line":196,"column":35},"end":{"line":196,"column":null}}],"line":196},"14":{"loc":{"start":{"line":205,"column":4},"end":{"line":205,"column":null}},"type":"if","locations":[{"start":{"line":205,"column":4},"end":{"line":205,"column":null}},{"start":{},"end":{}}],"line":205},"15":{"loc":{"start":{"line":214,"column":8},"end":{"line":214,"column":null}},"type":"if","locations":[{"start":{"line":214,"column":8},"end":{"line":214,"column":null}},{"start":{},"end":{}}],"line":214},"16":{"loc":{"start":{"line":220,"column":8},"end":{"line":220,"column":null}},"type":"if","locations":[{"start":{"line":220,"column":8},"end":{"line":220,"column":null}},{"start":{},"end":{}}],"line":220},"17":{"loc":{"start":{"line":221,"column":29},"end":{"line":221,"column":78}},"type":"cond-expr","locations":[{"start":{"line":221,"column":52},"end":{"line":221,"column":66}},{"start":{"line":221,"column":66},"end":{"line":221,"column":78}}],"line":221},"18":{"loc":{"start":{"line":226,"column":21},"end":{"line":226,"column":null}},"type":"cond-expr","locations":[{"start":{"line":226,"column":28},"end":{"line":226,"column":51}},{"start":{"line":226,"column":51},"end":{"line":226,"column":null}}],"line":226},"19":{"loc":{"start":{"line":266,"column":19},"end":{"line":266,"column":68}},"type":"cond-expr","locations":[{"start":{"line":266,"column":42},"end":{"line":266,"column":56}},{"start":{"line":266,"column":56},"end":{"line":266,"column":68}}],"line":266}},"s":{"0":4,"1":4,"2":4,"3":7,"4":7,"5":3,"6":3,"7":1,"8":1,"9":3,"10":4,"11":24,"12":24,"13":24,"14":10,"15":26,"16":26,"17":26,"18":26,"19":23,"20":1,"21":22,"22":22,"23":24,"24":23,"25":10,"26":10,"27":10,"28":2,"29":8,"30":8,"31":0,"32":0,"33":0,"34":8,"35":8,"36":13,"37":5,"38":1,"39":1,"40":2,"41":2,"42":2,"43":1,"44":24,"45":12,"46":12,"47":12,"48":12,"49":12,"50":12,"51":12,"52":12,"53":4,"54":1,"55":3,"56":3,"57":3,"58":3,"59":2,"60":0,"61":2,"62":2,"63":2,"64":1,"65":0,"66":1,"67":1,"68":12,"69":12,"70":4,"71":12,"72":8,"73":8,"74":8,"75":8,"76":2,"77":2,"78":2,"79":2,"80":1,"81":1,"82":1,"83":1,"84":1,"85":1,"86":1,"87":1,"88":8,"89":2,"90":8},"f":{"0":4,"1":24,"2":10,"3":26,"4":23,"5":5,"6":1,"7":1,"8":12,"9":4,"10":2,"11":1,"12":4,"13":8,"14":2,"15":2},"b":{"0":[3,4],"1":[1,2],"2":[1,0],"3":[24],"4":[1,22],"5":[22,2],"6":[26,21],"7":[1,21],"8":[10,13],"9":[2,8],"10":[0,8],"11":[0,0],"12":[1,1],"13":[12,11],"14":[1,3],"15":[0,2],"16":[0,1],"17":[1,0],"18":[0,12],"19":[1,0]},"meta":{"lastBranch":20,"lastFunction":16,"lastStatement":91,"seen":{"f:62:16:62:20":0,"s:63:15:63:Infinity":0,"s:64:2:78:Infinity":1,"s:64:15:64:18":2,"s:65:4:65:Infinity":3,"b:66:4:77:Infinity:undefined:undefined:undefined:undefined":0,"s:66:4:77:Infinity":4,"s:67:18:67:Infinity":5,"b:69:6:75:Infinity:undefined:undefined:undefined:undefined":1,"s:69:6:75:Infinity":6,"b:70:8:74:Infinity:undefined:undefined:undefined:undefined":2,"s:70:8:74:Infinity":7,"s:71:10:73:Infinity":8,"s:76:6:76:Infinity":9,"s:79:2:79:Infinity":10,"f:89:16:89:36":1,"s:90:84:90:Infinity":11,"b:90:74:90:80":3,"s:92:25:92:Infinity":12,"s:93:24:93:Infinity":13,"f:95:11:95:25":2,"s:96:4:96:Infinity":14,"f:99:17:99:Infinity":3,"s:103:47:106:Infinity":15,"s:108:17:108:Infinity":16,"s:110:4:110:Infinity":17,"s:111:21:116:Infinity":18,"b:118:4:120:Infinity:undefined:undefined:undefined:undefined":4,"s:118:4:120:Infinity":19,"s:119:6:119:Infinity":20,"s:122:18:122:Infinity":21,"s:124:4:128:Infinity":22,"b:125:12:125:25:125:25:125:Infinity":5,"b:126:14:126:29:126:29:126:Infinity":6,"b:127:42:127:76:127:76:127:Infinity":7,"s:131:32:176:Infinity":23,"f:132:10:132:Infinity":4,"b:136:6:149:Infinity:undefined:undefined:undefined:undefined":8,"s:136:6:149:Infinity":24,"s:137:20:137:Infinity":25,"s:138:23:138:Infinity":26,"b:139:8:141:Infinity:undefined:undefined:undefined:undefined":9,"s:139:8:141:Infinity":27,"s:140:10:140:Infinity":28,"s:142:23:142:Infinity":29,"b:143:8:146:Infinity:undefined:undefined:undefined:undefined":10,"s:143:8:146:Infinity":30,"s:144:25:144:Infinity":31,"b:145:10:145:Infinity:undefined:undefined:undefined:undefined":11,"s:145:10:145:Infinity":32,"s:145:36:145:Infinity":33,"s:147:8:147:Infinity":34,"s:148:8:148:Infinity":35,"s:150:6:150:Infinity":36,"f:153:10:153:Infinity":5,"s:157:6:157:Infinity":37,"f:160:4:160:23":6,"s:161:6:161:Infinity":38,"f:164:4:164:15":7,"s:165:6:174:Infinity":39,"s:166:8:173:Infinity":40,"s:167:25:167:Infinity":41,"b:168:10:170:Infinity:undefined:undefined:undefined:undefined":12,"s:168:10:170:Infinity":42,"s:169:12:169:Infinity":43,"s:178:2:178:Infinity":44,"f:189:16:189:Infinity":8,"s:194:20:194:Infinity":45,"s:195:15:195:Infinity":46,"s:196:18:196:Infinity":47,"b:196:18:196:35:196:35:196:Infinity":13,"s:198:22:198:Infinity":48,"s:199:28:199:Infinity":49,"s:200:24:200:Infinity":50,"s:202:8:202:Infinity":51,"s:204:8:224:Infinity":52,"f:204:32:204:38":9,"b:205:4:205:Infinity:undefined:undefined:undefined:undefined":14,"s:205:4:205:Infinity":53,"s:205:18:205:Infinity":54,"s:207:15:207:Infinity":55,"s:208:4:208:Infinity":56,"s:209:4:209:Infinity":57,"s:211:4:223:Infinity":58,"f:213:12:213:13":10,"b:214:8:214:Infinity:undefined:undefined:undefined:undefined":15,"s:214:8:214:Infinity":59,"s:214:39:214:Infinity":60,"s:215:8:215:Infinity":61,"s:216:8:216:Infinity":62,"s:217:8:217:Infinity":63,"f:219:13:219:14":11,"b:220:8:220:Infinity:undefined:undefined:undefined:undefined":16,"s:220:8:220:Infinity":64,"s:220:39:220:Infinity":65,"s:221:8:221:Infinity":66,"b:221:52:221:66:221:66:221:78":17,"s:222:8:222:Infinity":67,"s:226:21:226:Infinity":68,"b:226:28:226:51:226:51:226:Infinity":18,"s:228:2:230:Infinity":69,"f:228:12:228:18":12,"s:229:4:229:Infinity":70,"s:232:2:232:Infinity":71,"f:243:16:243:Infinity":13,"s:250:22:250:Infinity":72,"s:251:28:251:Infinity":73,"s:252:24:252:Infinity":74,"s:254:19:272:Infinity":75,"f:254:19:254:26":14,"s:255:4:255:Infinity":76,"s:256:4:256:Infinity":77,"s:258:4:271:Infinity":78,"s:259:21:259:Infinity":79,"s:260:6:260:Infinity":80,"s:261:6:261:Infinity":81,"s:262:6:262:Infinity":82,"s:263:6:263:Infinity":83,"s:265:37:267:Infinity":84,"b:266:42:266:56:266:56:266:68":19,"s:268:6:268:Infinity":85,"s:269:6:269:Infinity":86,"s:270:6:270:Infinity":87,"s:274:8:279:Infinity":88,"f:275:5:275:9":15,"s:275:29:275:Infinity":89,"s:281:2:281:Infinity":90}}}
,"/home/claude/git/liquidjs/core/src/client/protobuf.ts": {"path":"/home/claude/git/liquidjs/core/src/client/protobuf.ts","statementMap":{"0":{"start":{"line":60,"column":26},"end":{"line":60,"column":null}},"1":{"start":{"line":62,"column":10},"end":{"line":62,"column":null}},"2":{"start":{"line":63,"column":2},"end":{"line":66,"column":null}},"3":{"start":{"line":64,"column":4},"end":{"line":64,"column":null}},"4":{"start":{"line":65,"column":4},"end":{"line":65,"column":null}},"5":{"start":{"line":67,"column":2},"end":{"line":67,"column":null}},"6":{"start":{"line":68,"column":2},"end":{"line":68,"column":null}},"7":{"start":{"line":73,"column":15},"end":{"line":73,"column":null}},"8":{"start":{"line":74,"column":14},"end":{"line":74,"column":null}},"9":{"start":{"line":75,"column":12},"end":{"line":75,"column":null}},"10":{"start":{"line":76,"column":2},"end":{"line":87,"column":null}},"11":{"start":{"line":77,"column":14},"end":{"line":77,"column":null}},"12":{"start":{"line":78,"column":4},"end":{"line":78,"column":null}},"13":{"start":{"line":79,"column":4},"end":{"line":79,"column":null}},"14":{"start":{"line":80,"column":4},"end":{"line":82,"column":null}},"15":{"start":{"line":81,"column":6},"end":{"line":81,"column":null}},"16":{"start":{"line":83,"column":4},"end":{"line":83,"column":null}},"17":{"start":{"line":84,"column":4},"end":{"line":86,"column":null}},"18":{"start":{"line":85,"column":6},"end":{"line":85,"column":null}},"19":{"start":{"line":88,"column":2},"end":{"line":88,"column":null}},"20":{"start":{"line":95,"column":20},"end":{"line":95,"column":null}},"21":{"start":{"line":96,"column":19},"end":{"line":96,"column":null}},"22":{"start":{"line":97,"column":30},"end":{"line":97,"column":null}},"23":{"start":{"line":100,"column":2},"end":{"line":111,"column":null}},"24":{"start":{"line":105,"column":6},"end":{"line":105,"column":null}},"25":{"start":{"line":107,"column":6},"end":{"line":107,"column":null}},"26":{"start":{"line":110,"column":6},"end":{"line":110,"column":null}},"27":{"start":{"line":119,"column":2},"end":{"line":119,"column":null}},"28":{"start":{"line":123,"column":2},"end":{"line":150,"column":null}},"29":{"start":{"line":125,"column":16},"end":{"line":125,"column":null}},"30":{"start":{"line":129,"column":6},"end":{"line":129,"column":null}},"31":{"start":{"line":132,"column":6},"end":{"line":132,"column":null}},"32":{"start":{"line":134,"column":6},"end":{"line":134,"column":null}},"33":{"start":{"line":136,"column":6},"end":{"line":136,"column":null}},"34":{"start":{"line":138,"column":18},"end":{"line":138,"column":null}},"35":{"start":{"line":139,"column":6},"end":{"line":139,"column":null}},"36":{"start":{"line":140,"column":6},"end":{"line":140,"column":null}},"37":{"start":{"line":143,"column":22},"end":{"line":143,"column":null}},"38":{"start":{"line":144,"column":6},"end":{"line":144,"column":null}},"39":{"start":{"line":147,"column":19},"end":{"line":147,"column":null}},"40":{"start":{"line":148,"column":6},"end":{"line":148,"column":null}},"41":{"start":{"line":163,"column":2},"end":{"line":204,"column":null}},"42":{"start":{"line":165,"column":31},"end":{"line":165,"column":null}},"43":{"start":{"line":166,"column":6},"end":{"line":176,"column":null}},"44":{"start":{"line":168,"column":10},"end":{"line":168,"column":null}},"45":{"start":{"line":170,"column":10},"end":{"line":170,"column":null}},"46":{"start":{"line":173,"column":10},"end":{"line":173,"column":null}},"47":{"start":{"line":175,"column":10},"end":{"line":175,"column":null}},"48":{"start":{"line":179,"column":6},"end":{"line":181,"column":null}},"49":{"start":{"line":180,"column":8},"end":{"line":180,"column":null}},"50":{"start":{"line":182,"column":18},"end":{"line":182,"column":null}},"51":{"start":{"line":183,"column":19},"end":{"line":183,"column":null}},"52":{"start":{"line":184,"column":6},"end":{"line":186,"column":null}},"53":{"start":{"line":184,"column":19},"end":{"line":184,"column":22}},"54":{"start":{"line":185,"column":8},"end":{"line":185,"column":null}},"55":{"start":{"line":187,"column":17},"end":{"line":187,"column":null}},"56":{"start":{"line":188,"column":6},"end":{"line":188,"column":null}},"57":{"start":{"line":191,"column":31},"end":{"line":191,"column":null}},"58":{"start":{"line":192,"column":6},"end":{"line":194,"column":null}},"59":{"start":{"line":193,"column":8},"end":{"line":193,"column":null}},"60":{"start":{"line":195,"column":20},"end":{"line":195,"column":null}},"61":{"start":{"line":196,"column":6},"end":{"line":198,"column":null}},"62":{"start":{"line":197,"column":8},"end":{"line":197,"column":null}},"63":{"start":{"line":200,"column":6},"end":{"line":200,"column":null}},"64":{"start":{"line":203,"column":6},"end":{"line":203,"column":null}},"65":{"start":{"line":213,"column":21},"end":{"line":213,"column":null}},"66":{"start":{"line":214,"column":2},"end":{"line":216,"column":null}},"67":{"start":{"line":215,"column":4},"end":{"line":215,"column":null}},"68":{"start":{"line":219,"column":26},"end":{"line":219,"column":null}},"69":{"start":{"line":220,"column":19},"end":{"line":220,"column":null}},"70":{"start":{"line":222,"column":4},"end":{"line":238,"column":null}},"71":{"start":{"line":223,"column":20},"end":{"line":223,"column":null}},"72":{"start":{"line":224,"column":6},"end":{"line":224,"column":null}},"73":{"start":{"line":224,"column":49},"end":{"line":224,"column":null}},"74":{"start":{"line":226,"column":17},"end":{"line":226,"column":null}},"75":{"start":{"line":228,"column":6},"end":{"line":237,"column":null}},"76":{"start":{"line":229,"column":20},"end":{"line":229,"column":null}},"77":{"start":{"line":230,"column":8},"end":{"line":233,"column":null}},"78":{"start":{"line":231,"column":10},"end":{"line":231,"column":null}},"79":{"start":{"line":232,"column":10},"end":{"line":232,"column":null}},"80":{"start":{"line":235,"column":8},"end":{"line":235,"column":null}},"81":{"start":{"line":236,"column":8},"end":{"line":236,"column":null}},"82":{"start":{"line":240,"column":4},"end":{"line":240,"column":null}},"83":{"start":{"line":244,"column":44},"end":{"line":244,"column":null}},"84":{"start":{"line":247,"column":4},"end":{"line":251,"column":null}},"85":{"start":{"line":248,"column":6},"end":{"line":250,"column":null}},"86":{"start":{"line":249,"column":8},"end":{"line":249,"column":null}},"87":{"start":{"line":253,"column":17},"end":{"line":253,"column":null}},"88":{"start":{"line":254,"column":4},"end":{"line":275,"column":null}},"89":{"start":{"line":255,"column":37},"end":{"line":255,"column":null}},"90":{"start":{"line":256,"column":18},"end":{"line":256,"column":null}},"91":{"start":{"line":257,"column":23},"end":{"line":257,"column":null}},"92":{"start":{"line":258,"column":6},"end":{"line":258,"column":null}},"93":{"start":{"line":260,"column":20},"end":{"line":260,"column":null}},"94":{"start":{"line":261,"column":6},"end":{"line":265,"column":null}},"95":{"start":{"line":263,"column":8},"end":{"line":263,"column":null}},"96":{"start":{"line":264,"column":8},"end":{"line":264,"column":null}},"97":{"start":{"line":267,"column":34},"end":{"line":267,"column":null}},"98":{"start":{"line":268,"column":6},"end":{"line":268,"column":null}},"99":{"start":{"line":270,"column":6},"end":{"line":274,"column":null}},"100":{"start":{"line":271,"column":9},"end":{"line":271,"column":null}},"101":{"start":{"line":273,"column":8},"end":{"line":273,"column":null}},"102":{"start":{"line":277,"column":4},"end":{"line":277,"column":null}},"103":{"start":{"line":280,"column":2},"end":{"line":280,"column":null}},"104":{"start":{"line":285,"column":2},"end":{"line":298,"column":null}},"105":{"start":{"line":287,"column":23},"end":{"line":287,"column":null}},"106":{"start":{"line":288,"column":6},"end":{"line":288,"column":null}},"107":{"start":{"line":291,"column":6},"end":{"line":291,"column":null}},"108":{"start":{"line":293,"column":31},"end":{"line":293,"column":null}},"109":{"start":{"line":294,"column":6},"end":{"line":294,"column":null}},"110":{"start":{"line":297,"column":6},"end":{"line":297,"column":null}},"111":{"start":{"line":307,"column":16},"end":{"line":307,"column":null}},"112":{"start":{"line":308,"column":2},"end":{"line":308,"column":null}},"113":{"start":{"line":310,"column":13},"end":{"line":310,"column":null}},"114":{"start":{"line":311,"column":2},"end":{"line":311,"column":null}},"115":{"start":{"line":312,"column":2},"end":{"line":312,"column":null}},"116":{"start":{"line":313,"column":2},"end":{"line":313,"column":null}},"117":{"start":{"line":318,"column":2},"end":{"line":320,"column":null}},"118":{"start":{"line":319,"column":4},"end":{"line":319,"column":null}},"119":{"start":{"line":321,"column":16},"end":{"line":321,"column":null}},"120":{"start":{"line":322,"column":13},"end":{"line":322,"column":null}},"121":{"start":{"line":323,"column":17},"end":{"line":323,"column":null}},"122":{"start":{"line":324,"column":2},"end":{"line":326,"column":null}},"123":{"start":{"line":325,"column":4},"end":{"line":325,"column":null}},"124":{"start":{"line":327,"column":15},"end":{"line":327,"column":null}},"125":{"start":{"line":328,"column":2},"end":{"line":328,"column":null}},"126":{"start":{"line":336,"column":45},"end":{"line":336,"column":null}},"127":{"start":{"line":345,"column":21},"end":{"line":345,"column":null}},"128":{"start":{"line":346,"column":18},"end":{"line":346,"column":null}},"129":{"start":{"line":348,"column":16},"end":{"line":348,"column":null}},"130":{"start":{"line":350,"column":41},"end":{"line":355,"column":null}},"131":{"start":{"line":357,"column":4},"end":{"line":357,"column":null}},"132":{"start":{"line":358,"column":21},"end":{"line":362,"column":null}},"133":{"start":{"line":364,"column":4},"end":{"line":366,"column":null}},"134":{"start":{"line":365,"column":6},"end":{"line":365,"column":null}},"135":{"start":{"line":368,"column":26},"end":{"line":368,"column":null}},"136":{"start":{"line":372,"column":17},"end":{"line":372,"column":null}},"137":{"start":{"line":373,"column":4},"end":{"line":381,"column":null}},"138":{"start":{"line":374,"column":38},"end":{"line":374,"column":null}},"139":{"start":{"line":375,"column":6},"end":{"line":375,"column":null}},"140":{"start":{"line":378,"column":6},"end":{"line":380,"column":null}},"141":{"start":{"line":379,"column":8},"end":{"line":379,"column":null}},"142":{"start":{"line":383,"column":4},"end":{"line":383,"column":null}},"143":{"start":{"line":386,"column":2},"end":{"line":386,"column":null}},"144":{"start":{"line":402,"column":22},"end":{"line":402,"column":null}},"145":{"start":{"line":403,"column":28},"end":{"line":403,"column":null}},"146":{"start":{"line":404,"column":24},"end":{"line":404,"column":null}},"147":{"start":{"line":405,"column":8},"end":{"line":405,"column":null}},"148":{"start":{"line":406,"column":8},"end":{"line":406,"column":null}},"149":{"start":{"line":407,"column":2},"end":{"line":407,"column":null}},"150":{"start":{"line":409,"column":18},"end":{"line":409,"column":null}},"151":{"start":{"line":411,"column":8},"end":{"line":431,"column":null}},"152":{"start":{"line":412,"column":4},"end":{"line":412,"column":null}},"153":{"start":{"line":412,"column":18},"end":{"line":412,"column":null}},"154":{"start":{"line":414,"column":4},"end":{"line":414,"column":null}},"155":{"start":{"line":415,"column":4},"end":{"line":415,"column":null}},"156":{"start":{"line":417,"column":4},"end":{"line":430,"column":null}},"157":{"start":{"line":420,"column":8},"end":{"line":423,"column":null}},"158":{"start":{"line":421,"column":10},"end":{"line":421,"column":null}},"159":{"start":{"line":422,"column":10},"end":{"line":422,"column":null}},"160":{"start":{"line":426,"column":8},"end":{"line":429,"column":null}},"161":{"start":{"line":427,"column":10},"end":{"line":427,"column":null}},"162":{"start":{"line":428,"column":10},"end":{"line":428,"column":null}},"163":{"start":{"line":433,"column":2},"end":{"line":439,"column":null}},"164":{"start":{"line":434,"column":4},"end":{"line":434,"column":null}},"165":{"start":{"line":435,"column":4},"end":{"line":435,"column":null}},"166":{"start":{"line":436,"column":4},"end":{"line":438,"column":null}},"167":{"start":{"line":437,"column":6},"end":{"line":437,"column":null}},"168":{"start":{"line":441,"column":2},"end":{"line":441,"column":null}}},"fnMap":{"0":{"name":"encodeVarint","decl":{"start":{"line":59,"column":16},"end":{"line":59,"column":29}},"loc":{"start":{"line":59,"column":54},"end":{"line":69,"column":null}},"line":59},"1":{"name":"decodeVarint","decl":{"start":{"line":72,"column":16},"end":{"line":72,"column":29}},"loc":{"start":{"line":72,"column":82},"end":{"line":89,"column":null}},"line":72},"2":{"name":"wireTypeFor","decl":{"start":{"line":99,"column":9},"end":{"line":99,"column":21}},"loc":{"start":{"line":99,"column":46},"end":{"line":112,"column":null}},"line":99},"3":{"name":"encodeFieldKey","decl":{"start":{"line":118,"column":9},"end":{"line":118,"column":24}},"loc":{"start":{"line":118,"column":65},"end":{"line":120,"column":null}},"line":118},"4":{"name":"encodeFieldValue","decl":{"start":{"line":122,"column":9},"end":{"line":122,"column":26}},"loc":{"start":{"line":122,"column":69},"end":{"line":151,"column":null}},"line":122},"5":{"name":"decodeFieldValue","decl":{"start":{"line":157,"column":9},"end":{"line":157,"column":null}},"loc":{"start":{"line":162,"column":21},"end":{"line":205,"column":null}},"line":162},"6":{"name":"defineMessage","decl":{"start":{"line":211,"column":16},"end":{"line":211,"column":33}},"loc":{"start":{"line":211,"column":81},"end":{"line":281,"column":null}},"line":211},"7":{"name":"encode","decl":{"start":{"line":218,"column":11},"end":{"line":218,"column":18}},"loc":{"start":{"line":218,"column":38},"end":{"line":241,"column":null}},"line":218},"8":{"name":"decode","decl":{"start":{"line":243,"column":11},"end":{"line":243,"column":18}},"loc":{"start":{"line":243,"column":40},"end":{"line":278,"column":null}},"line":243},"9":{"name":"skipField","decl":{"start":{"line":284,"column":9},"end":{"line":284,"column":19}},"loc":{"start":{"line":284,"column":80},"end":{"line":299,"column":null}},"line":284},"10":{"name":"encodeGrpcWebFrame","decl":{"start":{"line":306,"column":16},"end":{"line":306,"column":35}},"loc":{"start":{"line":306,"column":84},"end":{"line":314,"column":null}},"line":306},"11":{"name":"decodeGrpcWebFrame","decl":{"start":{"line":317,"column":16},"end":{"line":317,"column":35}},"loc":{"start":{"line":317,"column":84},"end":{"line":329,"column":null}},"line":317},"12":{"name":"createGrpcWebClient","decl":{"start":{"line":335,"column":16},"end":{"line":335,"column":36}},"loc":{"start":{"line":335,"column":80},"end":{"line":387,"column":null}},"line":335},"13":{"name":"unary","decl":{"start":{"line":338,"column":17},"end":{"line":338,"column":null}},"loc":{"start":{"line":344,"column":18},"end":{"line":384,"column":null}},"line":344},"14":{"name":"useProto","decl":{"start":{"line":393,"column":16},"end":{"line":393,"column":null}},"loc":{"start":{"line":401,"column":23},"end":{"line":442,"column":null}},"line":401},"15":{"name":"(anonymous_15)","decl":{"start":{"line":411,"column":30},"end":{"line":411,"column":36}},"loc":{"start":{"line":411,"column":36},"end":{"line":431,"column":5}},"line":411},"16":{"name":"(anonymous_16)","decl":{"start":{"line":419,"column":12},"end":{"line":419,"column":13}},"loc":{"start":{"line":419,"column":21},"end":{"line":424,"column":7}},"line":419},"17":{"name":"(anonymous_17)","decl":{"start":{"line":425,"column":13},"end":{"line":425,"column":14}},"loc":{"start":{"line":425,"column":31},"end":{"line":430,"column":7}},"line":425},"18":{"name":"(anonymous_18)","decl":{"start":{"line":433,"column":12},"end":{"line":433,"column":18}},"loc":{"start":{"line":433,"column":18},"end":{"line":439,"column":5}},"line":433},"19":{"name":"(anonymous_19)","decl":{"start":{"line":436,"column":11},"end":{"line":436,"column":17}},"loc":{"start":{"line":436,"column":17},"end":{"line":438,"column":null}},"line":436}},"branchMap":{"0":{"loc":{"start":{"line":80,"column":4},"end":{"line":82,"column":null}},"type":"if","locations":[{"start":{"line":80,"column":4},"end":{"line":82,"column":null}},{"start":{},"end":{}}],"line":80},"1":{"loc":{"start":{"line":84,"column":4},"end":{"line":86,"column":null}},"type":"if","locations":[{"start":{"line":84,"column":4},"end":{"line":86,"column":null}},{"start":{},"end":{}}],"line":84},"2":{"loc":{"start":{"line":100,"column":2},"end":{"line":111,"column":null}},"type":"switch","locations":[{"start":{"line":101,"column":4},"end":{"line":101,"column":null}},{"start":{"line":102,"column":4},"end":{"line":102,"column":null}},{"start":{"line":103,"column":4},"end":{"line":103,"column":null}},{"start":{"line":104,"column":4},"end":{"line":105,"column":null}},{"start":{"line":106,"column":4},"end":{"line":107,"column":null}},{"start":{"line":108,"column":4},"end":{"line":108,"column":null}},{"start":{"line":109,"column":4},"end":{"line":110,"column":null}}],"line":100},"3":{"loc":{"start":{"line":123,"column":2},"end":{"line":150,"column":null}},"type":"switch","locations":[{"start":{"line":124,"column":4},"end":{"line":130,"column":null}},{"start":{"line":131,"column":4},"end":{"line":132,"column":null}},{"start":{"line":133,"column":4},"end":{"line":134,"column":null}},{"start":{"line":135,"column":4},"end":{"line":136,"column":null}},{"start":{"line":137,"column":4},"end":{"line":141,"column":null}},{"start":{"line":142,"column":4},"end":{"line":145,"column":null}},{"start":{"line":146,"column":4},"end":{"line":149,"column":null}}],"line":123},"4":{"loc":{"start":{"line":134,"column":26},"end":{"line":134,"column":39}},"type":"cond-expr","locations":[{"start":{"line":134,"column":34},"end":{"line":134,"column":38}},{"start":{"line":134,"column":38},"end":{"line":134,"column":39}}],"line":134},"5":{"loc":{"start":{"line":163,"column":2},"end":{"line":204,"column":null}},"type":"switch","locations":[{"start":{"line":164,"column":4},"end":{"line":177,"column":null}},{"start":{"line":178,"column":4},"end":{"line":189,"column":null}},{"start":{"line":190,"column":4},"end":{"line":201,"column":null}},{"start":{"line":202,"column":4},"end":{"line":203,"column":null}}],"line":163},"6":{"loc":{"start":{"line":166,"column":6},"end":{"line":176,"column":null}},"type":"switch","locations":[{"start":{"line":167,"column":8},"end":{"line":168,"column":null}},{"start":{"line":169,"column":8},"end":{"line":170,"column":null}},{"start":{"line":171,"column":8},"end":{"line":171,"column":null}},{"start":{"line":172,"column":8},"end":{"line":173,"column":null}},{"start":{"line":174,"column":8},"end":{"line":175,"column":null}}],"line":166},"7":{"loc":{"start":{"line":179,"column":6},"end":{"line":181,"column":null}},"type":"if","locations":[{"start":{"line":179,"column":6},"end":{"line":181,"column":null}},{"start":{},"end":{}}],"line":179},"8":{"loc":{"start":{"line":185,"column":18},"end":{"line":185,"column":null}},"type":"binary-expr","locations":[{"start":{"line":185,"column":18},"end":{"line":185,"column":39}},{"start":{"line":185,"column":39},"end":{"line":185,"column":null}}],"line":185},"9":{"loc":{"start":{"line":192,"column":6},"end":{"line":194,"column":null}},"type":"if","locations":[{"start":{"line":192,"column":6},"end":{"line":194,"column":null}},{"start":{},"end":{}}],"line":192},"10":{"loc":{"start":{"line":196,"column":6},"end":{"line":198,"column":null}},"type":"if","locations":[{"start":{"line":196,"column":6},"end":{"line":198,"column":null}},{"start":{},"end":{}}],"line":196},"11":{"loc":{"start":{"line":224,"column":6},"end":{"line":224,"column":null}},"type":"if","locations":[{"start":{"line":224,"column":6},"end":{"line":224,"column":null}},{"start":{},"end":{}}],"line":224},"12":{"loc":{"start":{"line":224,"column":10},"end":{"line":224,"column":49}},"type":"binary-expr","locations":[{"start":{"line":224,"column":10},"end":{"line":224,"column":33}},{"start":{"line":224,"column":33},"end":{"line":224,"column":49}}],"line":224},"13":{"loc":{"start":{"line":228,"column":6},"end":{"line":237,"column":null}},"type":"if","locations":[{"start":{"line":228,"column":6},"end":{"line":237,"column":null}},{"start":{"line":234,"column":13},"end":{"line":237,"column":null}}],"line":228},"14":{"loc":{"start":{"line":248,"column":6},"end":{"line":250,"column":null}},"type":"if","locations":[{"start":{"line":248,"column":6},"end":{"line":250,"column":null}},{"start":{},"end":{}}],"line":248},"15":{"loc":{"start":{"line":261,"column":6},"end":{"line":265,"column":null}},"type":"if","locations":[{"start":{"line":261,"column":6},"end":{"line":265,"column":null}},{"start":{},"end":{}}],"line":261},"16":{"loc":{"start":{"line":270,"column":6},"end":{"line":274,"column":null}},"type":"if","locations":[{"start":{"line":270,"column":6},"end":{"line":274,"column":null}},{"start":{"line":272,"column":13},"end":{"line":274,"column":null}}],"line":270},"17":{"loc":{"start":{"line":285,"column":2},"end":{"line":298,"column":null}},"type":"switch","locations":[{"start":{"line":286,"column":4},"end":{"line":289,"column":null}},{"start":{"line":290,"column":4},"end":{"line":291,"column":null}},{"start":{"line":292,"column":4},"end":{"line":295,"column":null}},{"start":{"line":296,"column":4},"end":{"line":297,"column":null}}],"line":285},"18":{"loc":{"start":{"line":306,"column":53},"end":{"line":306,"column":84}},"type":"default-arg","locations":[{"start":{"line":306,"column":69},"end":{"line":306,"column":84}}],"line":306},"19":{"loc":{"start":{"line":318,"column":2},"end":{"line":320,"column":null}},"type":"if","locations":[{"start":{"line":318,"column":2},"end":{"line":320,"column":null}},{"start":{},"end":{}}],"line":318},"20":{"loc":{"start":{"line":321,"column":16},"end":{"line":321,"column":null}},"type":"binary-expr","locations":[{"start":{"line":321,"column":16},"end":{"line":321,"column":28}},{"start":{"line":321,"column":28},"end":{"line":321,"column":null}}],"line":321},"21":{"loc":{"start":{"line":324,"column":2},"end":{"line":326,"column":null}},"type":"if","locations":[{"start":{"line":324,"column":2},"end":{"line":326,"column":null}},{"start":{},"end":{}}],"line":324},"22":{"loc":{"start":{"line":364,"column":4},"end":{"line":366,"column":null}},"type":"if","locations":[{"start":{"line":364,"column":4},"end":{"line":366,"column":null}},{"start":{},"end":{}}],"line":364},"23":{"loc":{"start":{"line":378,"column":6},"end":{"line":380,"column":null}},"type":"if","locations":[{"start":{"line":378,"column":6},"end":{"line":380,"column":null}},{"start":{},"end":{}}],"line":378},"24":{"loc":{"start":{"line":412,"column":4},"end":{"line":412,"column":null}},"type":"if","locations":[{"start":{"line":412,"column":4},"end":{"line":412,"column":null}},{"start":{},"end":{}}],"line":412},"25":{"loc":{"start":{"line":420,"column":8},"end":{"line":423,"column":null}},"type":"if","locations":[{"start":{"line":420,"column":8},"end":{"line":423,"column":null}},{"start":{},"end":{}}],"line":420},"26":{"loc":{"start":{"line":426,"column":8},"end":{"line":429,"column":null}},"type":"if","locations":[{"start":{"line":426,"column":8},"end":{"line":429,"column":null}},{"start":{},"end":{}}],"line":426},"27":{"loc":{"start":{"line":427,"column":19},"end":{"line":427,"column":70}},"type":"cond-expr","locations":[{"start":{"line":427,"column":42},"end":{"line":427,"column":48}},{"start":{"line":427,"column":48},"end":{"line":427,"column":70}}],"line":427}},"s":{"0":218,"1":218,"2":218,"3":40,"4":40,"5":218,"6":218,"7":181,"8":181,"9":181,"10":181,"11":222,"12":222,"13":222,"14":222,"15":179,"16":43,"17":43,"18":1,"19":1,"20":3,"21":3,"22":3,"23":99,"24":59,"25":13,"26":27,"27":106,"28":106,"29":4,"30":4,"31":45,"32":7,"33":8,"34":13,"35":13,"36":13,"37":26,"38":26,"39":3,"40":3,"41":85,"42":49,"43":49,"44":6,"45":4,"46":39,"47":0,"48":11,"49":0,"50":11,"51":11,"52":11,"53":11,"54":88,"55":11,"56":11,"57":25,"58":25,"59":0,"60":25,"61":25,"62":22,"63":3,"64":0,"65":33,"66":33,"67":49,"68":74,"69":74,"70":74,"71":108,"72":108,"73":9,"74":99,"75":99,"76":7,"77":7,"78":14,"79":14,"80":92,"81":92,"82":74,"83":62,"84":62,"85":86,"86":6,"87":62,"88":62,"89":89,"90":89,"91":89,"92":89,"93":89,"94":89,"95":4,"96":4,"97":85,"98":85,"99":85,"100":14,"101":71,"102":62,"103":33,"104":4,"105":2,"106":2,"107":1,"108":1,"109":1,"110":0,"111":25,"112":25,"113":25,"114":25,"115":25,"116":25,"117":14,"118":1,"119":13,"120":14,"121":14,"122":14,"123":1,"124":12,"125":12,"126":10,"127":10,"128":10,"129":10,"130":10,"131":10,"132":10,"133":9,"134":1,"135":8,"136":8,"137":8,"138":8,"139":8,"140":8,"141":7,"142":1,"143":10,"144":10,"145":10,"146":10,"147":10,"148":10,"149":10,"150":10,"151":10,"152":9,"153":1,"154":8,"155":8,"156":8,"157":5,"158":4,"159":4,"160":2,"161":2,"162":2,"163":10,"164":7,"165":7,"166":7,"167":1,"168":10},"f":{"0":218,"1":181,"2":99,"3":106,"4":106,"5":85,"6":33,"7":74,"8":62,"9":4,"10":25,"11":14,"12":10,"13":10,"14":10,"15":9,"16":5,"17":2,"18":7,"19":1},"b":{"0":[179,43],"1":[1,42],"2":[4,44,51,59,13,24,27],"3":[4,45,7,8,13,26,3],"4":[4,3],"5":[49,11,25,0],"6":[6,4,32,39,0],"7":[0,11],"8":[88,0],"9":[0,25],"10":[22,3],"11":[9,99],"12":[108,100],"13":[7,92],"14":[6,80],"15":[4,85],"16":[14,71],"17":[2,1,1,0],"18":[25],"19":[1,13],"20":[13,0],"21":[1,13],"22":[1,8],"23":[7,1],"24":[1,8],"25":[4,1],"26":[2,0],"27":[1,1]},"meta":{"lastBranch":28,"lastFunction":20,"lastStatement":169,"seen":{"f:59:16:59:29":0,"s:60:26:60:Infinity":0,"s:62:10:62:Infinity":1,"s:63:2:66:Infinity":2,"s:64:4:64:Infinity":3,"s:65:4:65:Infinity":4,"s:67:2:67:Infinity":5,"s:68:2:68:Infinity":6,"f:72:16:72:29":1,"s:73:15:73:Infinity":7,"s:74:14:74:Infinity":8,"s:75:12:75:Infinity":9,"s:76:2:87:Infinity":10,"s:77:14:77:Infinity":11,"s:78:4:78:Infinity":12,"s:79:4:79:Infinity":13,"b:80:4:82:Infinity:undefined:undefined:undefined:undefined":0,"s:80:4:82:Infinity":14,"s:81:6:81:Infinity":15,"s:83:4:83:Infinity":16,"b:84:4:86:Infinity:undefined:undefined:undefined:undefined":1,"s:84:4:86:Infinity":17,"s:85:6:85:Infinity":18,"s:88:2:88:Infinity":19,"s:95:20:95:Infinity":20,"s:96:19:96:Infinity":21,"s:97:30:97:Infinity":22,"f:99:9:99:21":2,"b:101:4:101:Infinity:102:4:102:Infinity:103:4:103:Infinity:104:4:105:Infinity:106:4:107:Infinity:108:4:108:Infinity:109:4:110:Infinity":2,"s:100:2:111:Infinity":23,"s:105:6:105:Infinity":24,"s:107:6:107:Infinity":25,"s:110:6:110:Infinity":26,"f:118:9:118:24":3,"s:119:2:119:Infinity":27,"f:122:9:122:26":4,"b:124:4:130:Infinity:131:4:132:Infinity:133:4:134:Infinity:135:4:136:Infinity:137:4:141:Infinity:142:4:145:Infinity:146:4:149:Infinity":3,"s:123:2:150:Infinity":28,"s:125:16:125:Infinity":29,"s:129:6:129:Infinity":30,"s:132:6:132:Infinity":31,"s:134:6:134:Infinity":32,"b:134:34:134:38:134:38:134:39":4,"s:136:6:136:Infinity":33,"s:138:18:138:Infinity":34,"s:139:6:139:Infinity":35,"s:140:6:140:Infinity":36,"s:143:22:143:Infinity":37,"s:144:6:144:Infinity":38,"s:147:19:147:Infinity":39,"s:148:6:148:Infinity":40,"f:157:9:157:Infinity":5,"b:164:4:177:Infinity:178:4:189:Infinity:190:4:201:Infinity:202:4:203:Infinity":5,"s:163:2:204:Infinity":41,"s:165:31:165:Infinity":42,"b:167:8:168:Infinity:169:8:170:Infinity:171:8:171:Infinity:172:8:173:Infinity:174:8:175:Infinity":6,"s:166:6:176:Infinity":43,"s:168:10:168:Infinity":44,"s:170:10:170:Infinity":45,"s:173:10:173:Infinity":46,"s:175:10:175:Infinity":47,"b:179:6:181:Infinity:undefined:undefined:undefined:undefined":7,"s:179:6:181:Infinity":48,"s:180:8:180:Infinity":49,"s:182:18:182:Infinity":50,"s:183:19:183:Infinity":51,"s:184:6:186:Infinity":52,"s:184:19:184:22":53,"s:185:8:185:Infinity":54,"b:185:18:185:39:185:39:185:Infinity":8,"s:187:17:187:Infinity":55,"s:188:6:188:Infinity":56,"s:191:31:191:Infinity":57,"b:192:6:194:Infinity:undefined:undefined:undefined:undefined":9,"s:192:6:194:Infinity":58,"s:193:8:193:Infinity":59,"s:195:20:195:Infinity":60,"b:196:6:198:Infinity:undefined:undefined:undefined:undefined":10,"s:196:6:198:Infinity":61,"s:197:8:197:Infinity":62,"s:200:6:200:Infinity":63,"s:203:6:203:Infinity":64,"f:211:16:211:33":6,"s:213:21:213:Infinity":65,"s:214:2:216:Infinity":66,"s:215:4:215:Infinity":67,"f:218:11:218:18":7,"s:219:26:219:Infinity":68,"s:220:19:220:Infinity":69,"s:222:4:238:Infinity":70,"s:223:20:223:Infinity":71,"b:224:6:224:Infinity:undefined:undefined:undefined:undefined":11,"s:224:6:224:Infinity":72,"b:224:10:224:33:224:33:224:49":12,"s:224:49:224:Infinity":73,"s:226:17:226:Infinity":74,"b:228:6:237:Infinity:234:13:237:Infinity":13,"s:228:6:237:Infinity":75,"s:229:20:229:Infinity":76,"s:230:8:233:Infinity":77,"s:231:10:231:Infinity":78,"s:232:10:232:Infinity":79,"s:235:8:235:Infinity":80,"s:236:8:236:Infinity":81,"s:240:4:240:Infinity":82,"f:243:11:243:18":8,"s:244:44:244:Infinity":83,"s:247:4:251:Infinity":84,"b:248:6:250:Infinity:undefined:undefined:undefined:undefined":14,"s:248:6:250:Infinity":85,"s:249:8:249:Infinity":86,"s:253:17:253:Infinity":87,"s:254:4:275:Infinity":88,"s:255:37:255:Infinity":89,"s:256:18:256:Infinity":90,"s:257:23:257:Infinity":91,"s:258:6:258:Infinity":92,"s:260:20:260:Infinity":93,"b:261:6:265:Infinity:undefined:undefined:undefined:undefined":15,"s:261:6:265:Infinity":94,"s:263:8:263:Infinity":95,"s:264:8:264:Infinity":96,"s:267:34:267:Infinity":97,"s:268:6:268:Infinity":98,"b:270:6:274:Infinity:272:13:274:Infinity":16,"s:270:6:274:Infinity":99,"s:271:9:271:Infinity":100,"s:273:8:273:Infinity":101,"s:277:4:277:Infinity":102,"s:280:2:280:Infinity":103,"f:284:9:284:19":9,"b:286:4:289:Infinity:290:4:291:Infinity:292:4:295:Infinity:296:4:297:Infinity":17,"s:285:2:298:Infinity":104,"s:287:23:287:Infinity":105,"s:288:6:288:Infinity":106,"s:291:6:291:Infinity":107,"s:293:31:293:Infinity":108,"s:294:6:294:Infinity":109,"s:297:6:297:Infinity":110,"f:306:16:306:35":10,"b:306:69:306:84":18,"s:307:16:307:Infinity":111,"s:308:2:308:Infinity":112,"s:310:13:310:Infinity":113,"s:311:2:311:Infinity":114,"s:312:2:312:Infinity":115,"s:313:2:313:Infinity":116,"f:317:16:317:35":11,"b:318:2:320:Infinity:undefined:undefined:undefined:undefined":19,"s:318:2:320:Infinity":117,"s:319:4:319:Infinity":118,"s:321:16:321:Infinity":119,"b:321:16:321:28:321:28:321:Infinity":20,"s:322:13:322:Infinity":120,"s:323:17:323:Infinity":121,"b:324:2:326:Infinity:undefined:undefined:undefined:undefined":21,"s:324:2:326:Infinity":122,"s:325:4:325:Infinity":123,"s:327:15:327:Infinity":124,"s:328:2:328:Infinity":125,"f:335:16:335:36":12,"s:336:45:336:Infinity":126,"f:338:17:338:Infinity":13,"s:345:21:345:Infinity":127,"s:346:18:346:Infinity":128,"s:348:16:348:Infinity":129,"s:350:41:355:Infinity":130,"s:357:4:357:Infinity":131,"s:358:21:362:Infinity":132,"b:364:4:366:Infinity:undefined:undefined:undefined:undefined":22,"s:364:4:366:Infinity":133,"s:365:6:365:Infinity":134,"s:368:26:368:Infinity":135,"s:372:17:372:Infinity":136,"s:373:4:381:Infinity":137,"s:374:38:374:Infinity":138,"s:375:6:375:Infinity":139,"b:378:6:380:Infinity:undefined:undefined:undefined:undefined":23,"s:378:6:380:Infinity":140,"s:379:8:379:Infinity":141,"s:383:4:383:Infinity":142,"s:386:2:386:Infinity":143,"f:393:16:393:Infinity":14,"s:402:22:402:Infinity":144,"s:403:28:403:Infinity":145,"s:404:24:404:Infinity":146,"s:405:8:405:Infinity":147,"s:406:8:406:Infinity":148,"s:407:2:407:Infinity":149,"s:409:18:409:Infinity":150,"s:411:8:431:Infinity":151,"f:411:30:411:36":15,"b:412:4:412:Infinity:undefined:undefined:undefined:undefined":24,"s:412:4:412:Infinity":152,"s:412:18:412:Infinity":153,"s:414:4:414:Infinity":154,"s:415:4:415:Infinity":155,"s:417:4:430:Infinity":156,"f:419:12:419:13":16,"b:420:8:423:Infinity:undefined:undefined:undefined:undefined":25,"s:420:8:423:Infinity":157,"s:421:10:421:Infinity":158,"s:422:10:422:Infinity":159,"f:425:13:425:14":17,"b:426:8:429:Infinity:undefined:undefined:undefined:undefined":26,"s:426:8:429:Infinity":160,"s:427:10:427:Infinity":161,"b:427:42:427:48:427:48:427:70":27,"s:428:10:428:Infinity":162,"s:433:2:439:Infinity":163,"f:433:12:433:18":18,"s:434:4:434:Infinity":164,"s:435:4:435:Infinity":165,"s:436:4:438:Infinity":166,"f:436:11:436:17":19,"s:437:6:437:Infinity":167,"s:441:2:441:Infinity":168}}}
,"/home/claude/git/liquidjs/core/src/client/rest.ts": {"path":"/home/claude/git/liquidjs/core/src/client/rest.ts","statementMap":{"0":{"start":{"line":77,"column":4},"end":{"line":77,"column":null}},"1":{"start":{"line":78,"column":4},"end":{"line":78,"column":null}},"2":{"start":{"line":79,"column":4},"end":{"line":79,"column":null}},"3":{"start":{"line":80,"column":4},"end":{"line":80,"column":null}},"4":{"start":{"line":81,"column":4},"end":{"line":81,"column":null}},"5":{"start":{"line":82,"column":4},"end":{"line":82,"column":null}},"6":{"start":{"line":91,"column":41},"end":{"line":91,"column":null}},"7":{"start":{"line":92,"column":2},"end":{"line":94,"column":null}},"8":{"start":{"line":93,"column":4},"end":{"line":93,"column":null}},"9":{"start":{"line":95,"column":2},"end":{"line":95,"column":null}},"10":{"start":{"line":99,"column":15},"end":{"line":99,"column":null}},"11":{"start":{"line":100,"column":14},"end":{"line":100,"column":null}},"12":{"start":{"line":101,"column":2},"end":{"line":101,"column":null}},"13":{"start":{"line":114,"column":6},"end":{"line":114,"column":null}},"14":{"start":{"line":116,"column":30},"end":{"line":116,"column":null}},"15":{"start":{"line":117,"column":31},"end":{"line":117,"column":null}},"16":{"start":{"line":118,"column":28},"end":{"line":118,"column":null}},"17":{"start":{"line":127,"column":35},"end":{"line":137,"column":null}},"18":{"start":{"line":140,"column":4},"end":{"line":142,"column":null}},"19":{"start":{"line":141,"column":6},"end":{"line":141,"column":null}},"20":{"start":{"line":145,"column":4},"end":{"line":147,"column":null}},"21":{"start":{"line":146,"column":6},"end":{"line":146,"column":null}},"22":{"start":{"line":153,"column":4},"end":{"line":170,"column":null}},"23":{"start":{"line":154,"column":6},"end":{"line":154,"column":null}},"24":{"start":{"line":155,"column":6},"end":{"line":157,"column":null}},"25":{"start":{"line":156,"column":8},"end":{"line":156,"column":null}},"26":{"start":{"line":160,"column":6},"end":{"line":169,"column":null}},"27":{"start":{"line":161,"column":31},"end":{"line":161,"column":null}},"28":{"start":{"line":162,"column":8},"end":{"line":168,"column":null}},"29":{"start":{"line":163,"column":10},"end":{"line":163,"column":null}},"30":{"start":{"line":165,"column":10},"end":{"line":167,"column":null}},"31":{"start":{"line":166,"column":12},"end":{"line":166,"column":null}},"32":{"start":{"line":172,"column":24},"end":{"line":172,"column":null}},"33":{"start":{"line":175,"column":35},"end":{"line":179,"column":null}},"34":{"start":{"line":181,"column":4},"end":{"line":183,"column":null}},"35":{"start":{"line":182,"column":6},"end":{"line":182,"column":null}},"36":{"start":{"line":186,"column":4},"end":{"line":206,"column":null}},"37":{"start":{"line":187,"column":6},"end":{"line":187,"column":null}},"38":{"start":{"line":188,"column":6},"end":{"line":188,"column":null}},"39":{"start":{"line":190,"column":6},"end":{"line":192,"column":null}},"40":{"start":{"line":191,"column":8},"end":{"line":191,"column":null}},"41":{"start":{"line":194,"column":22},"end":{"line":194,"column":null}},"42":{"start":{"line":195,"column":22},"end":{"line":199,"column":null}},"43":{"start":{"line":201,"column":22},"end":{"line":201,"column":null}},"44":{"start":{"line":202,"column":6},"end":{"line":204,"column":null}},"45":{"start":{"line":203,"column":8},"end":{"line":203,"column":null}},"46":{"start":{"line":205,"column":6},"end":{"line":205,"column":null}},"47":{"start":{"line":208,"column":4},"end":{"line":210,"column":null}},"48":{"start":{"line":209,"column":6},"end":{"line":209,"column":null}},"49":{"start":{"line":213,"column":24},"end":{"line":213,"column":null}},"50":{"start":{"line":215,"column":4},"end":{"line":225,"column":null}},"51":{"start":{"line":216,"column":6},"end":{"line":216,"column":null}},"52":{"start":{"line":218,"column":19},"end":{"line":218,"column":null}},"53":{"start":{"line":220,"column":6},"end":{"line":224,"column":null}},"54":{"start":{"line":221,"column":8},"end":{"line":221,"column":null}},"55":{"start":{"line":223,"column":8},"end":{"line":223,"column":null}},"56":{"start":{"line":227,"column":26},"end":{"line":227,"column":null}},"57":{"start":{"line":229,"column":4},"end":{"line":241,"column":null}},"58":{"start":{"line":230,"column":22},"end":{"line":236,"column":null}},"59":{"start":{"line":237,"column":6},"end":{"line":239,"column":null}},"60":{"start":{"line":238,"column":8},"end":{"line":238,"column":null}},"61":{"start":{"line":240,"column":6},"end":{"line":240,"column":null}},"62":{"start":{"line":243,"column":40},"end":{"line":248,"column":null}},"63":{"start":{"line":251,"column":4},"end":{"line":253,"column":null}},"64":{"start":{"line":252,"column":6},"end":{"line":252,"column":null}},"65":{"start":{"line":255,"column":4},"end":{"line":255,"column":null}},"66":{"start":{"line":258,"column":2},"end":{"line":274,"column":null}},"67":{"start":{"line":260,"column":6},"end":{"line":260,"column":null}},"68":{"start":{"line":263,"column":6},"end":{"line":263,"column":null}},"69":{"start":{"line":266,"column":6},"end":{"line":266,"column":null}},"70":{"start":{"line":269,"column":6},"end":{"line":269,"column":null}},"71":{"start":{"line":272,"column":6},"end":{"line":272,"column":null}},"72":{"start":{"line":300,"column":17},"end":{"line":300,"column":null}},"73":{"start":{"line":301,"column":15},"end":{"line":301,"column":null}},"74":{"start":{"line":302,"column":15},"end":{"line":302,"column":null}},"75":{"start":{"line":303,"column":18},"end":{"line":303,"column":null}},"76":{"start":{"line":305,"column":22},"end":{"line":305,"column":null}},"77":{"start":{"line":306,"column":28},"end":{"line":306,"column":null}},"78":{"start":{"line":307,"column":24},"end":{"line":307,"column":null}},"79":{"start":{"line":308,"column":8},"end":{"line":308,"column":null}},"80":{"start":{"line":309,"column":8},"end":{"line":309,"column":null}},"81":{"start":{"line":311,"column":8},"end":{"line":365,"column":null}},"82":{"start":{"line":312,"column":4},"end":{"line":315,"column":null}},"83":{"start":{"line":313,"column":6},"end":{"line":313,"column":null}},"84":{"start":{"line":314,"column":6},"end":{"line":314,"column":null}},"85":{"start":{"line":318,"column":4},"end":{"line":320,"column":null}},"86":{"start":{"line":319,"column":6},"end":{"line":319,"column":null}},"87":{"start":{"line":322,"column":23},"end":{"line":322,"column":null}},"88":{"start":{"line":323,"column":4},"end":{"line":323,"column":null}},"89":{"start":{"line":325,"column":4},"end":{"line":325,"column":null}},"90":{"start":{"line":326,"column":4},"end":{"line":326,"column":null}},"91":{"start":{"line":328,"column":40},"end":{"line":328,"column":null}},"92":{"start":{"line":331,"column":24},"end":{"line":331,"column":null}},"93":{"start":{"line":332,"column":4},"end":{"line":342,"column":null}},"94":{"start":{"line":333,"column":6},"end":{"line":333,"column":null}},"95":{"start":{"line":334,"column":4},"end":{"line":342,"column":null}},"96":{"start":{"line":335,"column":6},"end":{"line":335,"column":null}},"97":{"start":{"line":336,"column":4},"end":{"line":342,"column":null}},"98":{"start":{"line":337,"column":6},"end":{"line":337,"column":null}},"99":{"start":{"line":338,"column":4},"end":{"line":342,"column":null}},"100":{"start":{"line":339,"column":6},"end":{"line":339,"column":null}},"101":{"start":{"line":341,"column":6},"end":{"line":341,"column":null}},"102":{"start":{"line":344,"column":4},"end":{"line":364,"column":null}},"103":{"start":{"line":346,"column":8},"end":{"line":349,"column":null}},"104":{"start":{"line":347,"column":10},"end":{"line":347,"column":null}},"105":{"start":{"line":348,"column":10},"end":{"line":348,"column":null}},"106":{"start":{"line":352,"column":8},"end":{"line":363,"column":null}},"107":{"start":{"line":353,"column":10},"end":{"line":361,"column":null}},"108":{"start":{"line":362,"column":10},"end":{"line":362,"column":null}},"109":{"start":{"line":367,"column":2},"end":{"line":377,"column":null}},"110":{"start":{"line":368,"column":4},"end":{"line":368,"column":null}},"111":{"start":{"line":369,"column":4},"end":{"line":369,"column":null}},"112":{"start":{"line":371,"column":4},"end":{"line":376,"column":null}},"113":{"start":{"line":372,"column":6},"end":{"line":372,"column":null}},"114":{"start":{"line":373,"column":6},"end":{"line":375,"column":null}},"115":{"start":{"line":374,"column":8},"end":{"line":374,"column":null}},"116":{"start":{"line":379,"column":8},"end":{"line":381,"column":null}},"117":{"start":{"line":380,"column":4},"end":{"line":380,"column":null}},"118":{"start":{"line":383,"column":2},"end":{"line":383,"column":null}}},"fnMap":{"0":{"name":"(anonymous_0)","decl":{"start":{"line":70,"column":2},"end":{"line":70,"column":null}},"loc":{"start":{"line":76,"column":4},"end":{"line":83,"column":null}},"line":76},"1":{"name":"parseResponseHeaders","decl":{"start":{"line":90,"column":9},"end":{"line":90,"column":30}},"loc":{"start":{"line":90,"column":72},"end":{"line":96,"column":null}},"line":90},"2":{"name":"(anonymous_2)","decl":{"start":{"line":92,"column":18},"end":{"line":92,"column":19}},"loc":{"start":{"line":92,"column":34},"end":{"line":94,"column":3}},"line":92},"3":{"name":"buildURL","decl":{"start":{"line":98,"column":9},"end":{"line":98,"column":18}},"loc":{"start":{"line":98,"column":57},"end":{"line":102,"column":null}},"line":98},"4":{"name":"createRestClient","decl":{"start":{"line":108,"column":16},"end":{"line":108,"column":33}},"loc":{"start":{"line":108,"column":71},"end":{"line":275,"column":null}},"line":108},"5":{"name":"request","decl":{"start":{"line":120,"column":17},"end":{"line":120,"column":null}},"loc":{"start":{"line":125,"column":30},"end":{"line":256,"column":null}},"line":125},"6":{"name":"(anonymous_6)","decl":{"start":{"line":155,"column":29},"end":{"line":155,"column":35}},"loc":{"start":{"line":155,"column":35},"end":{"line":157,"column":9}},"line":155},"7":{"name":"(anonymous_7)","decl":{"start":{"line":165,"column":51},"end":{"line":165,"column":57}},"loc":{"start":{"line":165,"column":57},"end":{"line":167,"column":11}},"line":165},"8":{"name":"(anonymous_8)","decl":{"start":{"line":259,"column":4},"end":{"line":259,"column":11}},"loc":{"start":{"line":259,"column":74},"end":{"line":261,"column":null}},"line":259},"9":{"name":"(anonymous_9)","decl":{"start":{"line":262,"column":4},"end":{"line":262,"column":12}},"loc":{"start":{"line":262,"column":91},"end":{"line":264,"column":null}},"line":262},"10":{"name":"(anonymous_10)","decl":{"start":{"line":265,"column":4},"end":{"line":265,"column":11}},"loc":{"start":{"line":265,"column":90},"end":{"line":267,"column":null}},"line":265},"11":{"name":"(anonymous_11)","decl":{"start":{"line":268,"column":4},"end":{"line":268,"column":13}},"loc":{"start":{"line":268,"column":92},"end":{"line":270,"column":null}},"line":268},"12":{"name":"(anonymous_12)","decl":{"start":{"line":271,"column":4},"end":{"line":271,"column":14}},"loc":{"start":{"line":271,"column":77},"end":{"line":273,"column":null}},"line":271},"13":{"name":"useRest","decl":{"start":{"line":295,"column":16},"end":{"line":295,"column":null}},"loc":{"start":{"line":299,"column":20},"end":{"line":384,"column":null}},"line":299},"14":{"name":"(anonymous_14)","decl":{"start":{"line":311,"column":32},"end":{"line":311,"column":38}},"loc":{"start":{"line":311,"column":38},"end":{"line":365,"column":5}},"line":311},"15":{"name":"(anonymous_15)","decl":{"start":{"line":345,"column":12},"end":{"line":345,"column":13}},"loc":{"start":{"line":345,"column":26},"end":{"line":350,"column":7}},"line":345},"16":{"name":"(anonymous_16)","decl":{"start":{"line":351,"column":13},"end":{"line":351,"column":14}},"loc":{"start":{"line":351,"column":31},"end":{"line":364,"column":7}},"line":351},"17":{"name":"(anonymous_17)","decl":{"start":{"line":367,"column":12},"end":{"line":367,"column":18}},"loc":{"start":{"line":367,"column":18},"end":{"line":377,"column":5}},"line":367},"18":{"name":"(anonymous_18)","decl":{"start":{"line":371,"column":11},"end":{"line":371,"column":17}},"loc":{"start":{"line":371,"column":17},"end":{"line":376,"column":null}},"line":371},"19":{"name":"(anonymous_19)","decl":{"start":{"line":379,"column":30},"end":{"line":379,"column":36}},"loc":{"start":{"line":379,"column":36},"end":{"line":381,"column":5}},"line":379}},"branchMap":{"0":{"loc":{"start":{"line":99,"column":15},"end":{"line":99,"column":null}},"type":"cond-expr","locations":[{"start":{"line":99,"column":39},"end":{"line":99,"column":62}},{"start":{"line":99,"column":62},"end":{"line":99,"column":null}}],"line":99},"1":{"loc":{"start":{"line":100,"column":14},"end":{"line":100,"column":null}},"type":"cond-expr","locations":[{"start":{"line":100,"column":37},"end":{"line":100,"column":44}},{"start":{"line":100,"column":44},"end":{"line":100,"column":null}}],"line":100},"2":{"loc":{"start":{"line":111,"column":13},"end":{"line":111,"column":null}},"type":"default-arg","locations":[{"start":{"line":111,"column":30},"end":{"line":111,"column":null}}],"line":111},"3":{"loc":{"start":{"line":113,"column":4},"end":{"line":113,"column":null}},"type":"default-arg","locations":[{"start":{"line":113,"column":19},"end":{"line":113,"column":null}}],"line":113},"4":{"loc":{"start":{"line":116,"column":30},"end":{"line":116,"column":null}},"type":"binary-expr","locations":[{"start":{"line":116,"column":30},"end":{"line":116,"column":54}},{"start":{"line":116,"column":54},"end":{"line":116,"column":null}}],"line":116},"5":{"loc":{"start":{"line":117,"column":31},"end":{"line":117,"column":null}},"type":"binary-expr","locations":[{"start":{"line":117,"column":31},"end":{"line":117,"column":56}},{"start":{"line":117,"column":56},"end":{"line":117,"column":null}}],"line":117},"6":{"loc":{"start":{"line":118,"column":28},"end":{"line":118,"column":null}},"type":"binary-expr","locations":[{"start":{"line":118,"column":28},"end":{"line":118,"column":50}},{"start":{"line":118,"column":50},"end":{"line":118,"column":null}}],"line":118},"7":{"loc":{"start":{"line":132,"column":12},"end":{"line":132,"column":null}},"type":"binary-expr","locations":[{"start":{"line":132,"column":12},"end":{"line":132,"column":29}},{"start":{"line":132,"column":29},"end":{"line":132,"column":null}}],"line":132},"8":{"loc":{"start":{"line":136,"column":15},"end":{"line":136,"column":null}},"type":"binary-expr","locations":[{"start":{"line":136,"column":15},"end":{"line":136,"column":32}},{"start":{"line":136,"column":32},"end":{"line":136,"column":null}}],"line":136},"9":{"loc":{"start":{"line":140,"column":4},"end":{"line":142,"column":null}},"type":"if","locations":[{"start":{"line":140,"column":4},"end":{"line":142,"column":null}},{"start":{},"end":{}}],"line":140},"10":{"loc":{"start":{"line":140,"column":8},"end":{"line":140,"column":83}},"type":"binary-expr","locations":[{"start":{"line":140,"column":8},"end":{"line":140,"column":30}},{"start":{"line":140,"column":30},"end":{"line":140,"column":47}},{"start":{"line":140,"column":47},"end":{"line":140,"column":83}}],"line":140},"11":{"loc":{"start":{"line":153,"column":4},"end":{"line":170,"column":null}},"type":"if","locations":[{"start":{"line":153,"column":4},"end":{"line":170,"column":null}},{"start":{},"end":{}}],"line":153},"12":{"loc":{"start":{"line":153,"column":8},"end":{"line":153,"column":52}},"type":"binary-expr","locations":[{"start":{"line":153,"column":8},"end":{"line":153,"column":29}},{"start":{"line":153,"column":29},"end":{"line":153,"column":52}}],"line":153},"13":{"loc":{"start":{"line":160,"column":6},"end":{"line":169,"column":null}},"type":"if","locations":[{"start":{"line":160,"column":6},"end":{"line":169,"column":null}},{"start":{},"end":{}}],"line":160},"14":{"loc":{"start":{"line":162,"column":8},"end":{"line":168,"column":null}},"type":"if","locations":[{"start":{"line":162,"column":8},"end":{"line":168,"column":null}},{"start":{"line":164,"column":15},"end":{"line":168,"column":null}}],"line":162},"15":{"loc":{"start":{"line":172,"column":24},"end":{"line":172,"column":null}},"type":"cond-expr","locations":[{"start":{"line":172,"column":37},"end":{"line":172,"column":57}},{"start":{"line":172,"column":57},"end":{"line":172,"column":null}}],"line":172},"16":{"loc":{"start":{"line":181,"column":4},"end":{"line":183,"column":null}},"type":"if","locations":[{"start":{"line":181,"column":4},"end":{"line":183,"column":null}},{"start":{},"end":{}}],"line":181},"17":{"loc":{"start":{"line":181,"column":8},"end":{"line":181,"column":45}},"type":"binary-expr","locations":[{"start":{"line":181,"column":8},"end":{"line":181,"column":30}},{"start":{"line":181,"column":30},"end":{"line":181,"column":45}}],"line":181},"18":{"loc":{"start":{"line":190,"column":6},"end":{"line":192,"column":null}},"type":"if","locations":[{"start":{"line":190,"column":6},"end":{"line":192,"column":null}},{"start":{},"end":{}}],"line":190},"19":{"loc":{"start":{"line":194,"column":22},"end":{"line":194,"column":null}},"type":"binary-expr","locations":[{"start":{"line":194,"column":22},"end":{"line":194,"column":53}},{"start":{"line":194,"column":53},"end":{"line":194,"column":null}}],"line":194},"20":{"loc":{"start":{"line":195,"column":22},"end":{"line":199,"column":null}},"type":"cond-expr","locations":[{"start":{"line":196,"column":10},"end":{"line":196,"column":null}},{"start":{"line":197,"column":10},"end":{"line":199,"column":null}}],"line":195},"21":{"loc":{"start":{"line":197,"column":10},"end":{"line":199,"column":null}},"type":"cond-expr","locations":[{"start":{"line":198,"column":12},"end":{"line":198,"column":null}},{"start":{"line":199,"column":12},"end":{"line":199,"column":null}}],"line":197},"22":{"loc":{"start":{"line":208,"column":4},"end":{"line":210,"column":null}},"type":"if","locations":[{"start":{"line":208,"column":4},"end":{"line":210,"column":null}},{"start":{},"end":{}}],"line":208},"23":{"loc":{"start":{"line":213,"column":24},"end":{"line":213,"column":null}},"type":"binary-expr","locations":[{"start":{"line":213,"column":24},"end":{"line":213,"column":64}},{"start":{"line":213,"column":64},"end":{"line":213,"column":null}}],"line":213},"24":{"loc":{"start":{"line":215,"column":4},"end":{"line":225,"column":null}},"type":"if","locations":[{"start":{"line":215,"column":4},"end":{"line":225,"column":null}},{"start":{"line":217,"column":11},"end":{"line":225,"column":null}}],"line":215},"25":{"loc":{"start":{"line":229,"column":4},"end":{"line":241,"column":null}},"type":"if","locations":[{"start":{"line":229,"column":4},"end":{"line":241,"column":null}},{"start":{},"end":{}}],"line":229},"26":{"loc":{"start":{"line":300,"column":17},"end":{"line":300,"column":null}},"type":"binary-expr","locations":[{"start":{"line":300,"column":17},"end":{"line":300,"column":33}},{"start":{"line":300,"column":33},"end":{"line":300,"column":null}}],"line":300},"27":{"loc":{"start":{"line":302,"column":15},"end":{"line":302,"column":null}},"type":"binary-expr","locations":[{"start":{"line":302,"column":15},"end":{"line":302,"column":29}},{"start":{"line":302,"column":29},"end":{"line":302,"column":null}}],"line":302},"28":{"loc":{"start":{"line":303,"column":18},"end":{"line":303,"column":null}},"type":"binary-expr","locations":[{"start":{"line":303,"column":18},"end":{"line":303,"column":35}},{"start":{"line":303,"column":35},"end":{"line":303,"column":null}}],"line":303},"29":{"loc":{"start":{"line":312,"column":4},"end":{"line":315,"column":null}},"type":"if","locations":[{"start":{"line":312,"column":4},"end":{"line":315,"column":null}},{"start":{},"end":{}}],"line":312},"30":{"loc":{"start":{"line":318,"column":4},"end":{"line":320,"column":null}},"type":"if","locations":[{"start":{"line":318,"column":4},"end":{"line":320,"column":null}},{"start":{},"end":{}}],"line":318},"31":{"loc":{"start":{"line":332,"column":4},"end":{"line":342,"column":null}},"type":"if","locations":[{"start":{"line":332,"column":4},"end":{"line":342,"column":null}},{"start":{"line":334,"column":4},"end":{"line":342,"column":null}}],"line":332},"32":{"loc":{"start":{"line":334,"column":4},"end":{"line":342,"column":null}},"type":"if","locations":[{"start":{"line":334,"column":4},"end":{"line":342,"column":null}},{"start":{"line":336,"column":4},"end":{"line":342,"column":null}}],"line":334},"33":{"loc":{"start":{"line":336,"column":4},"end":{"line":342,"column":null}},"type":"if","locations":[{"start":{"line":336,"column":4},"end":{"line":342,"column":null}},{"start":{"line":338,"column":4},"end":{"line":342,"column":null}}],"line":336},"34":{"loc":{"start":{"line":338,"column":4},"end":{"line":342,"column":null}},"type":"if","locations":[{"start":{"line":338,"column":4},"end":{"line":342,"column":null}},{"start":{"line":340,"column":11},"end":{"line":342,"column":null}}],"line":338},"35":{"loc":{"start":{"line":346,"column":8},"end":{"line":349,"column":null}},"type":"if","locations":[{"start":{"line":346,"column":8},"end":{"line":349,"column":null}},{"start":{},"end":{}}],"line":346},"36":{"loc":{"start":{"line":346,"column":12},"end":{"line":346,"column":62}},"type":"binary-expr","locations":[{"start":{"line":346,"column":12},"end":{"line":346,"column":34}},{"start":{"line":346,"column":34},"end":{"line":346,"column":62}}],"line":346},"37":{"loc":{"start":{"line":352,"column":8},"end":{"line":363,"column":null}},"type":"if","locations":[{"start":{"line":352,"column":8},"end":{"line":363,"column":null}},{"start":{},"end":{}}],"line":352},"38":{"loc":{"start":{"line":352,"column":12},"end":{"line":352,"column":62}},"type":"binary-expr","locations":[{"start":{"line":352,"column":12},"end":{"line":352,"column":34}},{"start":{"line":352,"column":34},"end":{"line":352,"column":62}}],"line":352},"39":{"loc":{"start":{"line":354,"column":12},"end":{"line":360,"column":null}},"type":"cond-expr","locations":[{"start":{"line":355,"column":16},"end":{"line":355,"column":null}},{"start":{"line":356,"column":16},"end":{"line":360,"column":null}}],"line":354},"40":{"loc":{"start":{"line":356,"column":30},"end":{"line":356,"column":84}},"type":"cond-expr","locations":[{"start":{"line":356,"column":53},"end":{"line":356,"column":67}},{"start":{"line":356,"column":67},"end":{"line":356,"column":84}}],"line":356},"41":{"loc":{"start":{"line":373,"column":6},"end":{"line":375,"column":null}},"type":"if","locations":[{"start":{"line":373,"column":6},"end":{"line":375,"column":null}},{"start":{},"end":{}}],"line":373}},"s":{"0":20,"1":20,"2":20,"3":20,"4":20,"5":20,"6":24,"7":24,"8":24,"9":24,"10":34,"11":34,"12":34,"13":34,"14":34,"15":34,"16":34,"17":34,"18":34,"19":4,"20":34,"21":4,"22":34,"23":7,"24":7,"25":3,"26":7,"27":2,"28":2,"29":1,"30":1,"31":1,"32":34,"33":34,"34":34,"35":4,"36":34,"37":34,"38":34,"39":10,"40":6,"41":10,"42":10,"43":10,"44":10,"45":2,"46":10,"47":24,"48":1,"49":24,"50":34,"51":22,"52":2,"53":2,"54":2,"55":1,"56":24,"57":24,"58":3,"59":3,"60":2,"61":3,"62":21,"63":21,"64":3,"65":21,"66":34,"67":29,"68":2,"69":1,"70":1,"71":1,"72":61,"73":61,"74":61,"75":61,"76":61,"77":61,"78":61,"79":61,"80":61,"81":61,"82":42,"83":1,"84":1,"85":41,"86":28,"87":41,"88":41,"89":41,"90":41,"91":41,"92":41,"93":41,"94":10,"95":31,"96":10,"97":21,"98":10,"99":11,"100":1,"101":10,"102":41,"103":3,"104":3,"105":3,"106":2,"107":2,"108":2,"109":61,"110":41,"111":41,"112":41,"113":44,"114":44,"115":43,"116":61,"117":1,"118":61},"f":{"0":20,"1":24,"2":24,"3":34,"4":34,"5":34,"6":3,"7":1,"8":29,"9":2,"10":1,"11":1,"12":1,"13":61,"14":42,"15":3,"16":2,"17":41,"18":44,"19":1},"b":{"0":[1,33],"1":[33,1],"2":[34],"3":[34],"4":[34,31],"5":[34,32],"6":[34,30],"7":[34,32],"8":[34,33],"9":[4,30],"10":[34,4,4],"11":[7,27],"12":[34,7],"13":[2,5],"14":[1,1],"15":[7,27],"16":[4,30],"17":[34,4],"18":[6,4],"19":[10,6],"20":[6,4],"21":[3,1],"22":[1,23],"23":[24,0],"24":[22,2],"25":[3,21],"26":[61,29],"27":[61,61],"28":[61,59],"29":[1,41],"30":[28,13],"31":[10,31],"32":[10,21],"33":[10,11],"34":[1,10],"35":[3,0],"36":[3,3],"37":[2,0],"38":[2,2],"39":[1,1],"40":[1,0],"41":[43,1]},"meta":{"lastBranch":42,"lastFunction":20,"lastStatement":119,"seen":{"f:70:2:70:Infinity":0,"s:77:4:77:Infinity":0,"s:78:4:78:Infinity":1,"s:79:4:79:Infinity":2,"s:80:4:80:Infinity":3,"s:81:4:81:Infinity":4,"s:82:4:82:Infinity":5,"f:90:9:90:30":1,"s:91:41:91:Infinity":6,"s:92:2:94:Infinity":7,"f:92:18:92:19":2,"s:93:4:93:Infinity":8,"s:95:2:95:Infinity":9,"f:98:9:98:18":3,"s:99:15:99:Infinity":10,"b:99:39:99:62:99:62:99:Infinity":0,"s:100:14:100:Infinity":11,"b:100:37:100:44:100:44:100:Infinity":1,"s:101:2:101:Infinity":12,"f:108:16:108:33":4,"s:114:6:114:Infinity":13,"b:111:30:111:Infinity":2,"b:113:19:113:Infinity":3,"s:116:30:116:Infinity":14,"b:116:30:116:54:116:54:116:Infinity":4,"s:117:31:117:Infinity":15,"b:117:31:117:56:117:56:117:Infinity":5,"s:118:28:118:Infinity":16,"b:118:28:118:50:118:50:118:Infinity":6,"f:120:17:120:Infinity":5,"s:127:35:137:Infinity":17,"b:132:12:132:29:132:29:132:Infinity":7,"b:136:15:136:32:136:32:136:Infinity":8,"b:140:4:142:Infinity:undefined:undefined:undefined:undefined":9,"s:140:4:142:Infinity":18,"b:140:8:140:30:140:30:140:47:140:47:140:83":10,"s:141:6:141:Infinity":19,"s:145:4:147:Infinity":20,"s:146:6:146:Infinity":21,"b:153:4:170:Infinity:undefined:undefined:undefined:undefined":11,"s:153:4:170:Infinity":22,"b:153:8:153:29:153:29:153:52":12,"s:154:6:154:Infinity":23,"s:155:6:157:Infinity":24,"f:155:29:155:35":6,"s:156:8:156:Infinity":25,"b:160:6:169:Infinity:undefined:undefined:undefined:undefined":13,"s:160:6:169:Infinity":26,"s:161:31:161:Infinity":27,"b:162:8:168:Infinity:164:15:168:Infinity":14,"s:162:8:168:Infinity":28,"s:163:10:163:Infinity":29,"s:165:10:167:Infinity":30,"f:165:51:165:57":7,"s:166:12:166:Infinity":31,"s:172:24:172:Infinity":32,"b:172:37:172:57:172:57:172:Infinity":15,"s:175:35:179:Infinity":33,"b:181:4:183:Infinity:undefined:undefined:undefined:undefined":16,"s:181:4:183:Infinity":34,"b:181:8:181:30:181:30:181:45":17,"s:182:6:182:Infinity":35,"s:186:4:206:Infinity":36,"s:187:6:187:Infinity":37,"s:188:6:188:Infinity":38,"b:190:6:192:Infinity:undefined:undefined:undefined:undefined":18,"s:190:6:192:Infinity":39,"s:191:8:191:Infinity":40,"s:194:22:194:Infinity":41,"b:194:22:194:53:194:53:194:Infinity":19,"s:195:22:199:Infinity":42,"b:196:10:196:Infinity:197:10:199:Infinity":20,"b:198:12:198:Infinity:199:12:199:Infinity":21,"s:201:22:201:Infinity":43,"s:202:6:204:Infinity":44,"s:203:8:203:Infinity":45,"s:205:6:205:Infinity":46,"b:208:4:210:Infinity:undefined:undefined:undefined:undefined":22,"s:208:4:210:Infinity":47,"s:209:6:209:Infinity":48,"s:213:24:213:Infinity":49,"b:213:24:213:64:213:64:213:Infin
[...]
,"column":2},"end":{"line":81,"column":null}},"22":{"start":{"line":81,"column":51},"end":{"line":81,"column":null}},"23":{"start":{"line":83,"column":2},"end":{"line":83,"column":null}},"24":{"start":{"line":92,"column":2},"end":{"line":92,"column":null}},"25":{"start":{"line":137,"column":2},"end":{"line":147,"column":null}},"26":{"start":{"line":152,"column":2},"end":{"line":152,"column":null}},"27":{"start":{"line":193,"column":26},"end":{"line":193,"column":null}},"28":{"start":{"line":194,"column":28},"end":{"line":194,"column":null}},"29":{"start":{"line":195,"column":25},"end":{"line":195,"column":null}},"30":{"start":{"line":198,"column":4},"end":{"line":200,"column":null}},"31":{"start":{"line":199,"column":6},"end":{"line":199,"column":null}},"32":{"start":{"line":201,"column":4},"end":{"line":201,"column":null}},"33":{"start":{"line":206,"column":2},"end":{"line":214,"column":null}},"34":{"start":{"line":207,"column":4},"end":{"line":209,"column":null}},"35":{"start":{"line":208,"column":6},"end":{"line":208,"column":null}},"36":{"start":{"line":211,"column":4},"end":{"line":213,"column":null}},"37":{"start":{"line":212,"column":7},"end":{"line":212,"column":null}},"38":{"start":{"line":216,"column":25},"end":{"line":300,"column":null}},"39":{"start":{"line":220,"column":6},"end":{"line":220,"column":null}},"40":{"start":{"line":224,"column":6},"end":{"line":224,"column":null}},"41":{"start":{"line":228,"column":21},"end":{"line":228,"column":null}},"42":{"start":{"line":229,"column":19},"end":{"line":234,"column":null}},"43":{"start":{"line":235,"column":6},"end":{"line":235,"column":null}},"44":{"start":{"line":236,"column":6},"end":{"line":236,"column":null}},"45":{"start":{"line":241,"column":29},"end":{"line":241,"column":null}},"46":{"start":{"line":242,"column":6},"end":{"line":244,"column":null}},"47":{"start":{"line":243,"column":8},"end":{"line":243,"column":null}},"48":{"start":{"line":246,"column":30},"end":{"line":253,"column":null}},"49":{"start":{"line":248,"column":8},"end":{"line":252,"column":null}},"50":{"start":{"line":248,"column":21},"end":{"line":248,"column":43}},"51":{"start":{"line":249,"column":10},"end":{"line":251,"column":null}},"52":{"start":{"line":250,"column":12},"end":{"line":250,"column":null}},"53":{"start":{"line":255,"column":6},"end":{"line":285,"column":null}},"54":{"start":{"line":256,"column":23},"end":{"line":256,"column":null}},"55":{"start":{"line":258,"column":8},"end":{"line":274,"column":null}},"56":{"start":{"line":259,"column":10},"end":{"line":273,"column":null}},"57":{"start":{"line":261,"column":14},"end":{"line":261,"column":null}},"58":{"start":{"line":262,"column":14},"end":{"line":262,"column":null}},"59":{"start":{"line":263,"column":14},"end":{"line":263,"column":null}},"60":{"start":{"line":264,"column":14},"end":{"line":264,"column":null}},"61":{"start":{"line":267,"column":14},"end":{"line":267,"column":null}},"62":{"start":{"line":268,"column":14},"end":{"line":268,"column":null}},"63":{"start":{"line":269,"column":14},"end":{"line":269,"column":null}},"64":{"start":{"line":270,"column":14},"end":{"line":270,"column":null}},"65":{"start":{"line":271,"column":14},"end":{"line":271,"column":null}},"66":{"start":{"line":275,"column":8},"end":{"line":275,"column":null}},"67":{"start":{"line":276,"column":8},"end":{"line":276,"column":null}},"68":{"start":{"line":277,"column":8},"end":{"line":277,"column":null}},"69":{"start":{"line":278,"column":8},"end":{"line":278,"column":null}},"70":{"start":{"line":280,"column":8},"end":{"line":280,"column":null}},"71":{"start":{"line":281,"column":8},"end":{"line":281,"column":null}},"72":{"start":{"line":282,"column":8},"end":{"line":282,"column":null}},"73":{"start":{"line":283,"column":8},"end":{"line":283,"column":null}},"74":{"start":{"line":284,"column":8},"end":{"line":284,"column":null}},"75":{"start":{"line":289,"column":6},"end":{"line":289,"column":null}},"76":{"start":{"line":289,"column":31},"end":{"line":289,"column":null}},"77":{"start":{"line":291,"column":23},"end":{"line":291,"column":null}},"78":{"start":{"line":293,"column":6},"end":{"line":298,"column":null}},"79":{"start":{"line":295,"column":55},"end":{"line":295,"column":null}},"80":{"start":{"line":296,"column":21},"end":{"line":296,"column":null}},"81":{"start":{"line":297,"column":8},"end":{"line":297,"column":null}},"82":{"start":{"line":302,"column":2},"end":{"line":302,"column":null}},"83":{"start":{"line":314,"column":8},"end":{"line":314,"column":null}},"84":{"start":{"line":316,"column":2},"end":{"line":329,"column":null}},"85":{"start":{"line":318,"column":17},"end":{"line":318,"column":null}},"86":{"start":{"line":319,"column":4},"end":{"line":319,"column":null}},"87":{"start":{"line":320,"column":4},"end":{"line":320,"column":null}},"88":{"start":{"line":322,"column":4},"end":{"line":328,"column":null}},"89":{"start":{"line":324,"column":6},"end":{"line":327,"column":null}},"90":{"start":{"line":325,"column":8},"end":{"line":325,"column":null}},"91":{"start":{"line":326,"column":8},"end":{"line":326,"column":null}}},"fnMap":{"0":{"name":"randomBytes","decl":{"start":{"line":30,"column":9},"end":{"line":30,"column":21}},"loc":{"start":{"line":30,"column":49},"end":{"line":42,"column":null}},"line":30},"1":{"name":"bytesToHex","decl":{"start":{"line":44,"column":9},"end":{"line":44,"column":20}},"loc":{"start":{"line":44,"column":47},"end":{"line":50,"column":null}},"line":44},"2":{"name":"generateTraceId","decl":{"start":{"line":53,"column":16},"end":{"line":53,"column":43}},"loc":{"start":{"line":53,"column":43},"end":{"line":55,"column":null}},"line":53},"3":{"name":"generateSpanId","decl":{"start":{"line":58,"column":16},"end":{"line":58,"column":41}},"loc":{"start":{"line":58,"column":41},"end":{"line":60,"column":null}},"line":58},"4":{"name":"parseTraceparent","decl":{"start":{"line":72,"column":16},"end":{"line":72,"column":33}},"loc":{"start":{"line":72,"column":70},"end":{"line":84,"column":null}},"line":72},"5":{"name":"formatTraceparent","decl":{"start":{"line":91,"column":16},"end":{"line":91,"column":34}},"loc":{"start":{"line":91,"column":61},"end":{"line":93,"column":null}},"line":91},"6":{"name":"startSpan","decl":{"start":{"line":136,"column":16},"end":{"line":136,"column":26}},"loc":{"start":{"line":136,"column":71},"end":{"line":148,"column":null}},"line":136},"7":{"name":"endSpan","decl":{"start":{"line":151,"column":16},"end":{"line":151,"column":24}},"loc":{"start":{"line":151,"column":42},"end":{"line":153,"column":null}},"line":151},"8":{"name":"createTracer","decl":{"start":{"line":192,"column":16},"end":{"line":192,"column":29}},"loc":{"start":{"line":192,"column":59},"end":{"line":303,"column":null}},"line":192},"9":{"name":"bufferSpan","decl":{"start":{"line":197,"column":11},"end":{"line":197,"column":22}},"loc":{"start":{"line":197,"column":40},"end":{"line":202,"column":null}},"line":197},"10":{"name":"(anonymous_10)","decl":{"start":{"line":207,"column":29},"end":{"line":207,"column":35}},"loc":{"start":{"line":207,"column":35},"end":{"line":209,"column":7}},"line":207},"11":{"name":"(anonymous_11)","decl":{"start":{"line":219,"column":8},"end":{"line":219,"column":44}},"loc":{"start":{"line":219,"column":44},"end":{"line":221,"column":null}},"line":219},"12":{"name":"(anonymous_12)","decl":{"start":{"line":223,"column":4},"end":{"line":223,"column":35}},"loc":{"start":{"line":223,"column":35},"end":{"line":225,"column":null}},"line":223},"13":{"name":"(anonymous_13)","decl":{"start":{"line":227,"column":4},"end":{"line":227,"column":14}},"loc":{"start":{"line":227,"column":59},"end":{"line":237,"column":null}},"line":227},"14":{"name":"(anonymous_14)","decl":{"start":{"line":239,"column":4},"end":{"line":239,"column":16}},"loc":{"start":{"line":239,"column":44},"end":{"line":286,"column":null}},"line":239},"15":{"name":"(anonymous_15)","decl":{"start":{"line":246,"column":30},"end":{"line":246,"column":42}},"loc":{"start":{"line":246,"column":42},"end":{"line":253,"column":null}},"line":246},"16":{"name":"(anonymous_16)","decl":{"start":{"line":260,"column":12},"end":{"line":260,"column":13}},"loc":{"start":{"line":260,"column":23},"end":{"line":265,"column":null}},"line":260},"17":{"name":"(anonymous_17)","decl":{"start":{"line":266,"column":12},"end":{"line":266,"column":13}},"loc":{"start":{"line":266,"column":21},"end":{"line":272,"column":null}},"line":266},"18":{"name":"(anonymous_18)","decl":{"start":{"line":288,"column":10},"end":{"line":288,"column":33}},"loc":{"start":{"line":288,"column":33},"end":{"line":299,"column":null}},"line":288},"19":{"name":"useTracing","decl":{"start":{"line":313,"column":16},"end":{"line":313,"column":27}},"loc":{"start":{"line":313,"column":63},"end":{"line":330,"column":null}},"line":313},"20":{"name":"(anonymous_20)","decl":{"start":{"line":316,"column":12},"end":{"line":316,"column":18}},"loc":{"start":{"line":316,"column":18},"end":{"line":329,"column":5}},"line":316},"21":{"name":"(anonymous_21)","decl":{"start":{"line":322,"column":11},"end":{"line":322,"column":17}},"loc":{"start":{"line":322,"column":17},"end":{"line":328,"column":null}},"line":322}},"branchMap":{"0":{"loc":{"start":{"line":47,"column":12},"end":{"line":47,"column":27}},"type":"binary-expr","locations":[{"start":{"line":47,"column":12},"end":{"line":47,"column":24}},{"start":{"line":47,"column":24},"end":{"line":47,"column":27}}],"line":47},"1":{"loc":{"start":{"line":74,"column":2},"end":{"line":74,"column":null}},"type":"if","locations":[{"start":{"line":74,"column":2},"end":{"line":74,"column":null}},{"start":{},"end":{}}],"line":74},"2":{"loc":{"start":{"line":81,"column":2},"end":{"line":81,"column":null}},"type":"if","locations":[{"start":{"line":81,"column":2},"end":{"line":81,"column":null}},{"start":{},"end":{}}],"line":81},"3":{"loc":{"start":{"line":81,"column":6},"end":{"line":81,"column":51}},"type":"binary-expr","locations":[{"start":{"line":81,"column":6},"end":{"line":81,"column":30}},{"start":{"line":81,"column":30},"end":{"line":81,"column":51}}],"line":81},"4":{"loc":{"start":{"line":138,"column":13},"end":{"line":138,"column":null}},"type":"binary-expr","locations":[{"start":{"line":138,"column":13},"end":{"line":138,"column":30}},{"start":{"line":138,"column":30},"end":{"line":138,"column":null}}],"line":138},"5":{"loc":{"start":{"line":142,"column":10},"end":{"line":142,"column":null}},"type":"binary-expr","locations":[{"start":{"line":142,"column":10},"end":{"line":142,"column":24}},{"start":{"line":142,"column":24},"end":{"line":142,"column":null}}],"line":142},"6":{"loc":{"start":{"line":145,"column":16},"end":{"line":145,"column":null}},"type":"cond-expr","locations":[{"start":{"line":145,"column":35},"end":{"line":145,"column":60}},{"start":{"line":145,"column":60},"end":{"line":145,"column":null}}],"line":145},"7":{"loc":{"start":{"line":193,"column":26},"end":{"line":193,"column":null}},"type":"binary-expr","locations":[{"start":{"line":193,"column":26},"end":{"line":193,"column":46}},{"start":{"line":193,"column":46},"end":{"line":193,"column":null}}],"line":193},"8":{"loc":{"start":{"line":198,"column":4},"end":{"line":200,"column":null}},"type":"if","locations":[{"start":{"line":198,"column":4},"end":{"line":200,"column":null}},{"start":{},"end":{}}],"line":198},"9":{"loc":{"start":{"line":206,"column":2},"end":{"line":214,"column":null}},"type":"if","locations":[{"start":{"line":206,"column":2},"end":{"line":214,"column":null}},{"start":{},"end":{}}],"line":206},"10":{"loc":{"start":{"line":206,"column":6},"end":{"line":206,"column":56}},"type":"binary-expr","locations":[{"start":{"line":206,"column":6},"end":{"line":206,"column":30}},{"start":{"line":206,"column":30},"end":{"line":206,"column":56}}],"line":206},"11":{"loc":{"start":{"line":211,"column":4},"end":{"line":213,"column":null}},"type":"if","locations":[{"start":{"line":211,"column":4},"end":{"line":213,"column":null}},{"start":{},"end":{}}],"line":211},"12":{"loc":{"start":{"line":211,"column":8},"end":{"line":211,"column":65}},"type":"binary-expr","locations":[{"start":{"line":211,"column":8},"end":{"line":211,"column":42}},{"start":{"line":211,"column":42},"end":{"line":211,"column":65}}],"line":211},"13":{"loc":{"start":{"line":224,"column":13},"end":{"line":224,"column":null}},"type":"cond-expr","locations":[{"start":{"line":224,"column":36},"end":{"line":224,"column":70}},{"start":{"line":224,"column":70},"end":{"line":224,"column":null}}],"line":224},"14":{"loc":{"start":{"line":232,"column":17},"end":{"line":232,"column":null}},"type":"binary-expr","locations":[{"start":{"line":232,"column":17},"end":{"line":232,"column":34}},{"start":{"line":232,"column":34},"end":{"line":232,"column":null}}],"line":232},"15":{"loc":{"start":{"line":233,"column":22},"end":{"line":233,"column":null}},"type":"binary-expr","locations":[{"start":{"line":233,"column":22},"end":{"line":233,"column":44}},{"start":{"line":233,"column":44},"end":{"line":233,"column":null}}],"line":233},"16":{"loc":{"start":{"line":242,"column":6},"end":{"line":244,"column":null}},"type":"if","locations":[{"start":{"line":242,"column":6},"end":{"line":244,"column":null}},{"start":{},"end":{}}],"line":242},"17":{"loc":{"start":{"line":249,"column":10},"end":{"line":251,"column":null}},"type":"if","locations":[{"start":{"line":249,"column":10},"end":{"line":251,"column":null}},{"start":{},"end":{}}],"line":249},"18":{"loc":{"start":{"line":258,"column":8},"end":{"line":274,"column":null}},"type":"if","locations":[{"start":{"line":258,"column":8},"end":{"line":274,"column":null}},{"start":{},"end":{}}],"line":258},"19":{"loc":{"start":{"line":258,"column":12},"end":{"line":258,"column":90}},"type":"binary-expr","locations":[{"start":{"line":258,"column":12},"end":{"line":258,"column":22}},{"start":{"line":258,"column":22},"end":{"line":258,"column":90}}],"line":258},"20":{"loc":{"start":{"line":289,"column":6},"end":{"line":289,"column":null}},"type":"if","locations":[{"start":{"line":289,"column":6},"end":{"line":289,"column":null}},{"start":{},"end":{}}],"line":289},"21":{"loc":{"start":{"line":293,"column":6},"end":{"line":298,"column":null}},"type":"if","locations":[{"start":{"line":293,"column":6},"end":{"line":298,"column":null}},{"start":{},"end":{}}],"line":293},"22":{"loc":{"start":{"line":297,"column":48},"end":{"line":297,"column":70}},"type":"binary-expr","locations":[{"start":{"line":297,"column":48},"end":{"line":297,"column":66}},{"start":{"line":297,"column":66},"end":{"line":297,"column":70}}],"line":297},"23":{"loc":{"start":{"line":324,"column":6},"end":{"line":327,"column":null}},"type":"if","locations":[{"start":{"line":324,"column":6},"end":{"line":327,"column":null}},{"start":{},"end":{}}],"line":324}},"s":{"0":370,"1":370,"2":370,"3":0,"4":0,"5":0,"6":370,"7":370,"8":370,"9":370,"10":4416,"11":370,"12":182,"13":188,"14":6,"15":7,"16":7,"17":3,"18":4,"19":4,"20":4,"21":4,"22":2,"23":2,"24":2,"25":36,"26":24,"27":17,"28":17,"29":17,"30":10,"31":0,"32":10,"33":17,"34":1,"35":1,"36":1,"37":1,"38":17,"39":4,"40":23,"41":17,"42":17,"43":17,"44":17,"45":10,"46":10,"47":1,"48":10,"49":10,"50":10,"51":11,"52":10,"53":10,"54":10,"55":10,"56":2,"57":1,"58":1,"59":1,"60":1,"61":1,"62":1,"63":1,"64":1,"65":1,"66":6,"67":6,"68":6,"69":6,"70":2,"71":2,"72":2,"73":2,"74":2,"75":3,"76":1,"77":2,"78":2,"79":1,"80":1,"81":1,"82":17,"83":1,"84":1,"85":1,"86":1,"87":1,"88":1,"89":1,"90":1,"91":1},"f":{"0":370,"1":370,"2":182,"3":188,"4":7,"5":2,"6":36,"7":24,"8":17,"9":10,"10":1,"11":4,"12":23,"13":17,"14":10,"15":10,"16":1,"17":1,"18":3,"19":1,"20":1,"21":1},"b":{"0":[4416,0],"1":[3,4],"2":[2,2],"3":[4,3],"4":[36,30],"5":[36,32],"6":[1,35],"7":[17,17],"8":[0,10],"9":[1,16],"10":[17,1],"11":[1,0],"12":[1,1],"13":[8,15],"14":[17,16],"15":[17,17],"16":[1,9],"17":[10,1],"18":[2,8],"19":[10,4],"20":[1,2],"21":[1,1],"22":[1,1],"23":[1,0]},"meta":{"lastBranch":24,"lastFunction":22,"lastStatement":92,"seen":{"f:30:9:30:21":0,"s:31:14:31:Infinity":0,"s:32:2:40:Infinity":1,"s:34:4:34:Infinity":2,"s:37:4:39:Infinity":3,"s:37:17:37:20":4,"s:38:6:38:Infinity":5,"s:41:2:41:Infinity":6,"f:44:9:44:20":1,"s:45:12:45:Infinity":7,"s:46:2:48:Infinity":8,"s:46:15:46:18":9,"s:47:4:47:Infinity":10,"b:47:12:47:24:47:24:47:27":0,"s:49:2:49:Infinity":11,"f:53:16:53:43":2,"s:54:2:54:Infinity":12,"f:58:16:58:41":3,"s:59:2:59:Infinity":13,"s:64:23:64:Infinity":14,"f:72:16:72:33":4,"s:73:16:73:Infinity":15,"b:74:2:74:Infinity:undefined:undefined:undefined:undefined":1,"s:74:2:74:Infinity":16,"s:74:14:74:Infinity":17,"s:76:18:76:Infinity":18,"s:77:17:77:Infinity":19,"s:78:21:78:Infinity":20,"b:81:2:81:Infinity:undefined:undefined:undefined:undefined":2,"s:81:2:81:Infinity":21,"b:81:6:81:30:81:30:81:51":3,"s:81:51:81:Infinity":22,"s:83:2:83:Infinity":23,"f:91:16:91:34":5,"s:92:2:92:Infinity":24,"f:136:16:136:26":6,"s:137:2:147:Infinity":25,"b:138:13:138:30:138:30:138:Infinity":4,"b:142:10:142:24:142:24:142:Infinity":5,"b:145:35:145:60:145:60:145:Infinity":6,"f:151:16:151:24":7,"s:152:2:152:Infinity":26,"f:192:16:192:29":8,"s:193:26:193:Infinity":27,"b:193:26:193:46:193:46:193:Infinity":7,"s:194:28:194:Infinity":28,"s:195:25:195:Infinity":29,"f:197:11:197:22":9,"b:198:4:200:Infinity:undefined:undefined:undefined:undefined":8,"s:198:4:200:Infinity":30,"s:199:6:199:Infinity":31,"s:201:4:201:Infinity":32,"b:206:2:214:Infinity:undefined:undefined:undefined:undefined":9,"s:206:2:214:Infinity":33,"b:206:6:206:30:206:30:206:56":10,"s:207:4:209:Infinity":34,"f:207:29:207:35":10,"s:208:6:208:Infinity":35,"b:211:4:213:Infinity:undefined:undefined:undefined:undefined":11,"s:211:4:213:Infinity":36,"b:211:8:211:42:211:42:211:65":12,"s:212:7:212:Infinity":37,"s:216:25:300:Infinity":38,"f:219:8:219:44":11,"s:220:6:220:Infinity":39,"f:223:4:223:35":12,"s:224:6:224:Infinity":40,"b:224:36:224:70:224:70:224:Infinity":13,"f:227:4:227:14":13,"s:228:21:228:Infinity":41,"s:229:19:234:Infinity":42,"b:232:17:232:34:232:34:232:Infinity":14,"b:233:22:233:44:233:44:233:Infinity":15,"s:235:6:235:Infinity":43,"s:236:6:236:Infinity":44,"f:239:4:239:16":14,"s:241:29:241:Infinity":45,"b:242:6:244:Infinity:undefined:undefined:undefined:undefined":16,"s:242:6:244:Infinity":46,"s:243:8:243:Infinity":47,"s:246:30:253:Infinity":48,"f:246:30:246:42":15,"s:248:8:252:Infinity":49,"s:248:21:248:43":50,"b:249:10:251:Infinity:undefined:undefined:undefined:undefined":17,"s:249:10:251:Infinity":51,"s:250:12:250:Infinity":52,"s:255:6:285:Infinity":53,"s:256:23:256:Infinity":54,"b:258:8:274:Infinity:undefined:undefined:undefined:undefined":18,"s:258:8:274:Infinity":55,"b:258:12:258:22:258:22:258:90":19,"s:259:10:273:Infinity":56,"f:260:12:260:13":16,"s:261:14:261:Infinity":57,"s:262:14:262:Infinity":58,"s:263:14:263:Infinity":59,"s:264:14:264:Infinity":60,"f:266:12:266:13":17,"s:267:14:267:Infinity":61,"s:268:14:268:Infinity":62,"s:269:14:269:Infinity":63,"s:270:14:270:Infinity":64,"s:271:14:271:Infinity":65,"s:275:8:275:Infinity":66,"s:276:8:276:Infinity":67,"s:277:8:277:Infinity":68,"s:278:8:278:Infinity":69,"s:280:8:280:Infinity":70,"s:281:8:281:Infinity":71,"s:282:8:282:Infinity":72,"s:283:8:283:Infinity":73,"s:284:8:284:Infinity":74,"f:288:10:288:33":18,"b:289:6:289:Infinity:undefined:undefined:undefined:undefined":20,"s:289:6:289:Infinity":75,"s:289:31:289:Infinity":76,"s:291:23:291:Infinity":77,"b:293:6:298:Infinity:undefined:undefined:undefined:undefined":21,"s:293:6:298:Infinity":78,"s:295:55:295:Infinity":79,"s:296:21:296:Infinity":80,"s:297:8:297:Infinity":81,"b:297:48:297:66:297:66:297:70":22,"s:302:2:302:Infinity":82,"f:313:16:313:27":19,"s:314:8:314:Infinity":83,"s:316:2:329:Infinity":84,"f:316:12:316:18":20,"s:318:17:318:Infinity":85,"s:319:4:319:Infinity":86,"s:320:4:320:Infinity":87,"s:322:4:328:Infinity":88,"f:322:11:322:17":21,"b:324:6:327:Infinity:undefined:undefined:undefined:undefined":23,"s:324:6:327:Infinity":89,"s:325:8:325:Infinity":90,"s:326:8:326:Infinity":91}}}
}
